[2026-03-20 02:51:31] user=admin action="Logged In"
[2026-03-20 02:53:01] user=admin action="Failed Login Attempt"
[2026-03-19 18:55:27] user=admin action="Failed Login Attempt"
[2026-03-19 18:55:30] user=admin action="Logged In"
[2026-03-19 19:04:33] user=admin action="Failed Login Attempt"
[2026-03-19 19:04:40] user=admin action="User Successfully Logged In"
[2026-03-19 19:05:25] user=admin action="Failed Login Attempt" page=login.php
[2026-03-19 19:05:31] user=admin action="User Successfully Logged In" page=login.php
[2026-03-19 19:13:13] user=admin action="Failed Login Attempt" page=login.php
[2026-03-19 19:13:26] user=Hello action="User Registered" page=register.php
[2026-04-18 03:20:54] user=admin action="User Successfully Logged In" page=login.php
[2026-04-18 03:20:54] user=admin action="Accessed Case Login Page" page=case-login.php
[2026-04-18 03:21:01] user=admin action="Accessed Case Login Page" page=case-login.php
[2026-04-18 03:21:01] user=admin action="User Successfully Logged Into Case51" page=case-login.php
[2026-04-18 03:21:02] user=admin action="User Accessed Dashboard" page=dashboard.php
[2026-04-18 03:21:09] user=admin action="User Accessed Dashboard" page=dashboard.php
[2026-04-18 03:21:44] user=admin action="User Accessed Dashboard" page=dashboard.php
[2026-04-18 03:21:47] user=admin action="User Accessed Dashboard" page=dashboard.php
[2026-04-18 03:35:20] eid=bf05cbc6a6fed77e user=admin ip=::1 sid=ejlcsikq2nsdk0edtm700fg419 action="User Accessed Dashboard" page=dashboard.php hmac=062511624e305b56c60008b2c7d1533b9e33b83451657508240e29ab4ab38533
[2026-04-18 03:35:21] eid=6796336b66772881 user=admin ip=::1 sid=ejlcsikq2nsdk0edtm700fg419 action="Accessed Case Login Page" page=case-login.php hmac=d21d78d0b29a2db812cc19c2d28d2f5adf975dc0ac5c886fb5cde75fa9a271aa
[2026-04-18 03:35:31] eid=dace713f04f80171 user=admin ip=::1 sid=ejlcsikq2nsdk0edtm700fg419 action="Failed User Registration" page=register.php hmac=8c9e871744d36e9a74f72d1031f30d26e9a6ae481ad2c632573c16471d5aac72
[2026-04-18 03:35:36] eid=359d13fb294138c1 user=admin ip=::1 sid=ejlcsikq2nsdk0edtm700fg419 action="User Successfully Logged In" page=login.php hmac=c4b5961778ccf0516706779b6644ee8f05eb0fba6c05f63267e49d49670ad6ee
[2026-04-18 03:35:37] eid=b22a991eaaf5c9c2 user=admin ip=::1 sid=ejlcsikq2nsdk0edtm700fg419 action="Accessed Case Login Page" page=case-login.php hmac=d3081d492988dce45f395d3fee8150baccc2b1fd6eafbb3296cbf89823843fdf
[2026-04-18 03:35:44] eid=aef3f4a6d61d5101 user=admin ip=::1 sid=ejlcsikq2nsdk0edtm700fg419 action="Accessed Case Login Page" page=case-login.php hmac=a7867648b5cb36444260c141ab9d4e433c5d3fc51bd61002078cbcbc33213af5
[2026-04-18 03:35:44] eid=2c864bd55db31911 user=admin ip=::1 sid=ejlcsikq2nsdk0edtm700fg419 action="User Successfully Logged Into Case51" page=case-login.php hmac=c08b3f913b747e74cb28218b526e69a37fa5f5a6bb05fb7c9a74266b0f5ba709
[2026-04-18 03:35:44] eid=213c68fa29dc9ef2 user=admin ip=::1 sid=ejlcsikq2nsdk0edtm700fg419 action="User Accessed Dashboard" page=dashboard.php hmac=18dad30f8a512b75c2c8c8f84267320bb7c529e5c9f22531bafc55c3b17c147d
[2026-04-18 03:36:42] eid=3bcb25829ff9c384 user=admin ip=::1 sid=none action="User Logged Out" page=logout.php hmac=3f8625d0403801885074cfe2bafcd49a6e547cf0ac7565e369d3b76a8e6ea48e
[2026-04-18 03:36:47] eid=1280f9f81fdb88fa user=admin ip=::1 sid=ejlcsikq2nsdk0edtm700fg419 action="User Successfully Logged In" page=login.php hmac=4efc38bb6496633416a23fbecd997d16adc4d019e780b006d2ab6a6176a62abf
[2026-04-18 03:36:47] eid=6e4691041893f67e user=admin ip=::1 sid=ejlcsikq2nsdk0edtm700fg419 action="Accessed Case Login Page" page=case-login.php hmac=52f3a173d60a5cc88fc4a928d0b3d97ac40726cd3684f644f1c2053dd431edae
[2026-04-18 03:36:52] eid=8b974e5c569d0d39 user=admin ip=::1 sid=ejlcsikq2nsdk0edtm700fg419 action="Accessed Case Login Page" page=case-login.php hmac=887c713404117400aa0ebaaabfd2e902a2f569e326fa38f585459ff762765fb7
[2026-04-18 03:36:52] eid=b814c81c7a18fcb0 user=admin ip=::1 sid=ejlcsikq2nsdk0edtm700fg419 action="User Successfully Logged Into Case51" page=case-login.php hmac=918a568d1c056216432fc1e8a9fa6265b9c16638dcee413f4f1d5057e9255314
[2026-04-18 03:36:52] eid=14b3870b8ecab1f2 user=admin ip=::1 sid=ejlcsikq2nsdk0edtm700fg419 action="User Accessed Dashboard" page=dashboard.php hmac=293e8e6db15415f984c2a30216a09a589ccefa2cfff2fd40fbb2443c05bd2e8a
[2026-04-18 03:41:23] eid=9012348c35a8b051 user=admin ip=::1 sid=ejlcsikq2nsdk0edtm700fg419 action="User Accessed Dashboard" page=dashboard.php hmac=0fae7fa0e35da714417b5be453c382721dc023bd990fd879f51aa412993898a0
[2026-04-18 03:41:57] eid=e65dfb107ad5da8b user=admin ip=::1 sid=ejlcsikq2nsdk0edtm700fg419 action="User Accessed Dashboard" page=dashboard.php hmac=4b194afc9e99d835dbc2433b2c637c80bbc44e19ad75efd6f5816117f6ee52cc
[2026-04-18 03:42:23] eid=6e1de61acde39f65 user=admin ip=::1 sid=ejlcsikq2nsdk0edtm700fg419 action="User Accessed Dashboard" page=dashboard.php hmac=caba964626ab7ac1000c7ae2357ce9984adb3dbf6bf575fdb4ffd550671f37df
[2026-04-18 03:44:16] eid=89636d90fc45cc20 user=admin ip=::1 sid=ejlcsikq2nsdk0edtm700fg419 action="User Accessed Dashboard" page=dashboard.php hmac=8d41c6ce10aa2d58b455d84af395c7a9b2a7d26dcb7937e4fc7ba70a428a853e
[2026-04-18 03:44:16] eid=382d02f9dd5230a4 user=admin ip=::1 sid=ejlcsikq2nsdk0edtm700fg419 action="User Accessed Dashboard" page=dashboard.php hmac=217d7542760d2f4ef1b3bb7e57a2b7172a6e8c7e52be3d0941412463bed16af5
[2026-04-18 03:48:44] eid=12c3fa39b84ce91d user=admin ip=::1 sid=ejlcsikq2nsdk0edtm700fg419 action="User Accessed Dashboard" page=dashboard.php hmac=0772bb71273f9db709c2d34cf286c889f621809dc3d497d0ad6eba9bc0b32a98
[2026-04-18 03:48:48] eid=ae4c415b9d7e4916 user=admin ip=::1 sid=ejlcsikq2nsdk0edtm700fg419 action="User Accessed Dashboard" page=dashboard.php hmac=5a062703e87c1b92526c7a9ede40de0ce1aa68d9cc90af3dfa82521935af4726
[2026-04-18 03:54:25] eid=36c0697a020b0d16 user=admin ip=::1 sid=ejlcsikq2nsdk0edtm700fg419 action="User Accessed Dashboard" page=dashboard.php hmac=33b467b74ea3d829b17e54081f8e75f843229a4e1b4556773548270ae42a29a8
[2026-04-18 03:54:54] eid=89c64b9ff091e06a user=admin ip=::1 sid=ejlcsikq2nsdk0edtm700fg419 action="User Accessed Dashboard" page=dashboard.php hmac=207e43e367ec187f35306d1fa4331ffaf00f007b5b005ae5e95198cb8f6cb268
[2026-04-18 03:55:49] eid=e16cc144f535e0de user=admin ip=::1 sid=ejlcsikq2nsdk0edtm700fg419 action="User Accessed Analysis" page=analysis.php hmac=e7e07988db9c7073cc26b201156cfe01a570422cadc48cb69d9dd799b7366547
[2026-04-18 03:55:53] eid=c69180f1e39939eb user=admin ip=::1 sid=ejlcsikq2nsdk0edtm700fg419 action="User Accessed Analysis" page=analysis.php hmac=b587d79aef1188f7b7616b776d314c05b607be76f047aca9b84e1da37f037f06
[2026-04-18 03:55:53] eid=b42d2d411f379c4f user=admin ip=::1 sid=ejlcsikq2nsdk0edtm700fg419 action="User Accessed Analysis" page=analysis.php hmac=63ea0307a8f5ee88859720e3d7b76f22adfd8b60d51f5c2762b532c603a59d77
[2026-04-18 03:56:02] eid=0ca90db9acc7562b user=admin ip=::1 sid=ejlcsikq2nsdk0edtm700fg419 action="User Accessed Dashboard" page=dashboard.php hmac=ee902f637dcafc4dbd96ecede5ae9e577545f3368a17b25a032261ec9ea6b6c7
[2026-04-18 03:56:07] eid=06a50b32f205516e user=admin ip=::1 sid=ejlcsikq2nsdk0edtm700fg419 action="User Accessed Analysis" page=analysis.php hmac=4569cbb0ec5f1b7fd076f8119f44a43a219097f4248805e6cc4a33b44dc5d5dd
[2026-04-18 03:56:09] eid=ac661eb71136d2e2 user=admin ip=::1 sid=ejlcsikq2nsdk0edtm700fg419 action="User Accessed Dashboard" page=dashboard.php hmac=b099bf16447fb11417d62aeb0529ed0b1ecaa3e06e96c7a09b994c90ed485958
[2026-04-18 03:58:13] eid=c9b4ae91b41746cd user=admin ip=::1 sid=ejlcsikq2nsdk0edtm700fg419 action="User Accessed Dashboard" page=dashboard.php hmac=e047d31797bf8b0d03a31cbe50fe77778b0155e0ef0a22b5ac4c7ff6a79b2267
[2026-04-18 03:58:26] eid=f5c18e374b6479ca user=admin ip=::1 sid=ejlcsikq2nsdk0edtm700fg419 action="User Accessed Dashboard" page=dashboard.php hmac=ea59993cee8c34ba66100020dc4e438a3d67342d4207d502ca2971c9ec6eca2e
[2026-04-18 04:00:57] eid=c9dd618ea40f9d06 user=admin ip=::1 sid=ejlcsikq2nsdk0edtm700fg419 action="User Accessed Dashboard" page=dashboard.php hmac=37f8024a31c9c3860d50cba72fbb41cc625394aaa28ca92fd11d8259b22df52f
[2026-04-18 04:05:05] eid=a8abf07d3b2b2d0a user=admin ip=::1 sid=ejlcsikq2nsdk0edtm700fg419 action="User Accessed Dashboard" page=dashboard.php hmac=576ff033a22984b098fcf843bdf6e0ab06b8b5d15143fe6c027d30300fa95301
[2026-04-18 04:06:25] eid=902f7c335455c671 user=admin ip=::1 sid=ejlcsikq2nsdk0edtm700fg419 action="User Accessed Dashboard" page=dashboard.php hmac=278939e7b5c33782bfc8c8f37ab74f202abadadca611c0f87442491517a882c4
[2026-04-18 04:08:07] eid=79b1089d490958ae user=admin ip=::1 sid=ejlcsikq2nsdk0edtm700fg419 action="User Accessed Dashboard" page=dashboard.php hmac=d829a6809c58b132d18103f6619e6dba2170d15a8edb448cf77c9559c3c8dd2b
[2026-04-18 04:08:08] eid=10e52a41f3f24661 user=admin ip=::1 sid=ejlcsikq2nsdk0edtm700fg419 action="User Accessed Dashboard" page=dashboard.php hmac=a66d15995f2fd85e0ba73b85b8e2e1ba4bb1f1857ecb380a0c67a96df3c4cf24
[2026-04-18 04:09:10] eid=746f384c4937aece user=admin ip=::1 sid=ejlcsikq2nsdk0edtm700fg419 action="User Accessed Dashboard" page=dashboard.php hmac=7157df08d17ead956a6db643986926ae4a9d3afa9c2737fdda1837df64471a12
[2026-04-18 04:09:22] eid=1bb7a89352f6e1fb user=admin ip=::1 sid=ejlcsikq2nsdk0edtm700fg419 action="Accessed Case Login Page" page=case-login.php hmac=60cb45b0f356b66061a71ba8ff439e7d713ff6e665b832b5475c999f6696df2e
[2026-04-18 04:12:40] eid=9622ac3809025dcb user=admin ip=::1 sid=ejlcsikq2nsdk0edtm700fg419 action="Accessed Case Login Page" page=case-login.php hmac=0072564fb234f15f0efa95019d7ccc4f3469704f2ca2819043b08918825c3c13
[2026-04-18 04:13:45] eid=4b444ca398689778 user=admin ip=::1 sid=ejlcsikq2nsdk0edtm700fg419 action="User Accessed Dashboard" page=dashboard.php hmac=df7045ca726c1647675ad443c7e05f2a99440947b96357d21e604c8c916955c4
[2026-04-18 04:15:09] eid=fc1c7bc7f17a41a1 user=admin ip=::1 sid=ejlcsikq2nsdk0edtm700fg419 action="User Accessed Dashboard" page=dashboard.php hmac=ee7994fd35f8957e09386fdcd515f45451150bb9a655ccb60bcf5d395fd9f130
[2026-04-18 04:15:15] eid=3f1a0a98fadba99a user=admin ip=::1 sid=ejlcsikq2nsdk0edtm700fg419 action="User Accessed Evidence Page" page=evidence.php hmac=cd90e5fa70efc52ea71694a9d976932f0df52ce8875f33439bbef1bd2250e510
[2026-04-18 04:15:33] eid=3702104d5158be3a user=admin ip=::1 sid=ejlcsikq2nsdk0edtm700fg419 action="User Accessed Evidence Page" page=evidence.php hmac=5305fcbe8d7d183e2d0b9362574d8cad3eb4962784b348776b9488e7c0212686
[2026-04-18 04:15:41] eid=c615268ea7119dd2 user=admin ip=::1 sid=ejlcsikq2nsdk0edtm700fg419 action="User Accessed Evidence Page" page=evidence.php hmac=628297eeabbfac9f8a24b348dab0af64c3bc90048b587e691515e60baaacc4f5
[2026-04-18 04:17:19] eid=7c4b11807b672e5d user=admin ip=::1 sid=ejlcsikq2nsdk0edtm700fg419 action="User Accessed Evidence Page" page=evidence.php hmac=cfdb8d277f4f90c823d8644b68f3a6ad04453bec75f0a2ae6e9d0bdd787146af
[2026-04-18 04:17:21] eid=461b99e9efe11a48 user=admin ip=::1 sid=ejlcsikq2nsdk0edtm700fg419 action="User Accessed Timeline" page=timeline.php hmac=9954e9a647dacc3b5fb1876b2aaedfbb997952e1a47c7c054ca5e26f115f2b22
[2026-04-18 04:23:52] eid=66667e17cacbecb9 user=admin ip=::1 sid=ejlcsikq2nsdk0edtm700fg419 action="User Accessed Timeline" page=timeline.php hmac=05eb5428c1a2f2333782e773bb52a8b21d7985f43ddf5c308040a406f8445c5a
[2026-04-18 04:23:56] eid=5c10e77916a8013b user=admin ip=::1 sid=ejlcsikq2nsdk0edtm700fg419 action="User Accessed Dashboard" page=dashboard.php hmac=7a29620b4dc5e6ce042d77182c1a4baf7189a2fd9b55f97b15b147fad3fa0ec4
[2026-04-18 04:24:01] eid=97f65cea8da85f30 user=admin ip=::1 sid=ejlcsikq2nsdk0edtm700fg419 action="User Accessed Evidence Page" page=evidence.php hmac=9a79066bbcf9468e74bac6c4c7e88593e9cc613cfe70bdcde4507337de0ebcee
[2026-04-18 04:27:47] eid=1b9f75ea96858f07 user=admin ip=::1 sid=ejlcsikq2nsdk0edtm700fg419 action="User Accessed Evidence Page" page=evidence.php hmac=9b44db76c552c8ce5a938e8fe1cfc8df0d34cb12daae836d022500696423ebef
[2026-04-18 04:27:50] eid=f6d6deb5a01d12c4 user=admin ip=::1 sid=ejlcsikq2nsdk0edtm700fg419 action="User Accessed Timeline" page=timeline.php hmac=4af0d2bdd91f536bbed650f00035d6331a13987ef42aff1b5dd39ac00b4b94b2
[2026-04-18 04:32:43] eid=f9d9a387529b3cb6 user=admin ip=::1 sid=ejlcsikq2nsdk0edtm700fg419 action="User Accessed Timeline" page=timeline.php hmac=962a0b50e97333ab769932ac19881059676927fdbbb0531934f7d4f29f2a1649
[2026-04-18 04:32:45] eid=d25ea37e2bc4eefb user=admin ip=::1 sid=ejlcsikq2nsdk0edtm700fg419 action="User Accessed Chain of Custody" page=COC.php hmac=1fbc142a7e45897a83da4662563f5120d9f861e612668a30ea965bd72c1bbe1b
[2026-04-18 04:34:22] eid=ebbe78723216ec55 user=admin ip=::1 sid=ejlcsikq2nsdk0edtm700fg419 action="User Accessed Chain of Custody" page=COC.php hmac=8ca1a5ae26404c1b12141492e7314544d0ff249f969be4a719c735b419c8e0e5
[2026-04-18 04:35:35] eid=1fc00d58a1cafb34 user=admin ip=::1 sid=ejlcsikq2nsdk0edtm700fg419 action="User Accessed Chain of Custody" page=COC.php hmac=b93f1b11a2e541efe4986c2511f5a7f59ca3fb98c8802fe764fd047e3464748c
[2026-04-18 04:36:39] eid=0eb877ca4efbdb78 user=admin ip=::1 sid=ejlcsikq2nsdk0edtm700fg419 action="User Accessed Chain of Custody" page=COC.php hmac=5a61205020e6d54be14896baf3e1add1db9518cf5feda57747a35989ce81bb0b
[2026-04-18 04:37:31] eid=5d305c66432e78c0 user=admin ip=::1 sid=ejlcsikq2nsdk0edtm700fg419 case_id=51 action="User Accessed Chain of Custody" page=COC.php hmac=c44b7998cd44e56f294bf1624608116d0274d984f0b0df824a993533671fc372
[2026-04-18 04:37:35] eid=27f67a290b5e0c7a user=admin ip=::1 sid=ejlcsikq2nsdk0edtm700fg419 case_id=51 action="User Accessed Dashboard" page=dashboard.php hmac=a3ccc310f6032fc9928fe1f6ab9600c379e5b84b824d22887ce526a1fafcca24
[2026-04-18 04:37:40] eid=183b796c386c0a7e user=admin ip=::1 sid=none case_id=51 action="User Logged Out" page=logout.php hmac=72c9746b7328b77c50617a679d465d73e9a5fdddae18e9ca0af42823a2e0435a
[2026-04-18 04:37:45] eid=20ef74965163360f user=admin ip=::1 sid=ejlcsikq2nsdk0edtm700fg419 action="User Successfully Logged In" page=login.php hmac=a4923b50ec543a996c64b66f39330325fdde07a99859f32c9fcb57e17f39cecd
[2026-04-18 04:37:45] eid=188a98ebbec38aad user=admin ip=::1 sid=ejlcsikq2nsdk0edtm700fg419 action="Accessed Case Login Page" page=case-login.php hmac=c43bb31de78f55f33b957f4055b06b6148e4150b4230ce51599fe048e103e362
[2026-04-18 04:37:50] eid=0842e508bed5dfe6 user=admin ip=::1 sid=ejlcsikq2nsdk0edtm700fg419 action="Accessed Case Login Page" page=case-login.php hmac=2c40fe17d36aeaa0b0032cac51235accedd995b3367714b0b55414f75928211b
[2026-04-18 04:37:50] eid=b69b64ec7a5de15b user=admin ip=::1 sid=ejlcsikq2nsdk0edtm700fg419 case_id=51 action="User Successfully Logged Into Case51" page=case-login.php hmac=04806921a3c8f0f13fcc60c4ab7fd7039c03b39448af6d9b81863d134c240e1b
[2026-04-18 04:37:50] eid=4188eb7001cebac5 user=admin ip=::1 sid=ejlcsikq2nsdk0edtm700fg419 case_id=51 action="User Accessed Dashboard" page=dashboard.php hmac=5a65774b395f69e4a9d23286b6a991a453a6647cbcc3223cde5b3be8343f0e27
[2026-04-18 04:38:01] eid=d6cc02d9e2e02c02 user=admin ip=::1 sid=ejlcsikq2nsdk0edtm700fg419 case_id=51 action="User Accessed Chain of Custody" page=COC.php hmac=ce684e6676b5fa0b72474f968f010406e785d3ecbd75d8f8cfc4eef7e002188f
[2026-04-18 04:40:33] eid=d62ac7d3decdbb92 user=admin ip=::1 sid=ejlcsikq2nsdk0edtm700fg419 case_id=51 action="User Accessed Chain of Custody" page=COC.php hmac=d3ccd770ecab1df1b8ef51384477df6f4669b61e1d9e540992457c615aa9380e
[2026-04-18 04:40:50] eid=94ed79713e3fd8e9 user=admin ip=::1 sid=ejlcsikq2nsdk0edtm700fg419 case_id=51 action="User Accessed Chain of Custody" page=COC.php hmac=9d24fc6d9d20ea4b88a2ae30e3016bd81d3565034bcc117bb1482ee983b0b7e5
[2026-04-18 04:40:52] eid=2c30b7a9550cfb5d user=admin ip=::1 sid=ejlcsikq2nsdk0edtm700fg419 case_id=51 action="User Accessed Users Page" page=users.php hmac=16d2e1b460b4db825656a56b131dba45f787c8d4763e0e0b5935a78518e8ce9e
[2026-04-18 04:41:50] eid=c13b4d8b6c35bde8 user=admin ip=::1 sid=ejlcsikq2nsdk0edtm700fg419 case_id=51 action="User Accessed Users Page" page=users.php hmac=d132f2e189ed81c27c5c3ba7a61bcf12243572c2373a306fb0ee47a49f7f5c5f
[2026-04-18 04:42:04] eid=3e81475fdc03bd74 user=admin ip=::1 sid=ejlcsikq2nsdk0edtm700fg419 case_id=51 action="User Accessed Chain of Custody" page=COC.php hmac=4227334d7d8145e3d87b9c822591718bc9eeeffb03b7e865297f2aa3e9d06baa
[2026-04-18 04:42:09] eid=3e5c51c8ac8fc136 user=admin ip=::1 sid=ejlcsikq2nsdk0edtm700fg419 case_id=51 action="User Accessed Analysis" page=wireshark_analysis.php hmac=e53af7d9fa76dda6e66dc92f5d0d2c36355beb0b1409875e16c9919201b0d6e5
[2026-04-18 04:42:13] eid=4720de29f432cc52 user=admin ip=::1 sid=ejlcsikq2nsdk0edtm700fg419 case_id=51 action="User Accessed Evidence Page" page=evidence.php hmac=40bb50e094d97fb5c5ea9ee7be6008a95b55fa247b5fc5e81115365b8e324d16
[2026-04-18 04:42:16] eid=24df662670e5fc06 user=admin ip=::1 sid=ejlcsikq2nsdk0edtm700fg419 case_id=51 action="User Accessed Dashboard" page=dashboard.php hmac=d0afcdb2eb63e464924dfd92afe661e4c610557235f80c063424ca2dc7787377
[2026-04-18 04:42:17] eid=c849a875a8acca5a user=admin ip=::1 sid=ejlcsikq2nsdk0edtm700fg419 case_id=51 action="User Accessed Evidence Page" page=evidence.php hmac=fcd7a3ed8e4f08f71b6690336e22f090f81d11014f0c74e1b563020b313a8f15
[2026-04-18 04:42:20] eid=b242a27de517c43a user=admin ip=::1 sid=ejlcsikq2nsdk0edtm700fg419 case_id=51 action="User Accessed Timeline" page=timeline.php hmac=4cb0041d17b917fa1d145b2486a662553d9fe6ce6afa39a62d3e4a7f81b9db6a
[2026-04-18 04:42:23] eid=416af7eef2ec1f39 user=admin ip=::1 sid=ejlcsikq2nsdk0edtm700fg419 case_id=51 action="User Accessed Evidence Page" page=evidence.php hmac=d1c5473aa339937e71c836707c02cb753044e1be25f619c345f5f3b4774dd137
[2026-04-18 04:46:02] eid=12b335c98865729c user=admin ip=::1 sid=ejlcsikq2nsdk0edtm700fg419 case_id=51 action="User Accessed Timeline" page=timeline.php hmac=dee85ab38cbc537f3d81379c382bdb79a355ef0fb9c4645fbd5bdf9213d52c4c
[2026-04-18 04:46:55] eid=497d7c486577c33d user=admin ip=::1 sid=ejlcsikq2nsdk0edtm700fg419 case_id=51 action="User Accessed Evidence Page" page=evidence.php hmac=c018962b2750709fd410fb113227c4968e5796c3a9cb8ca08156fa93bac1fc74
[2026-04-18 04:47:06] eid=3b43b7fca0629c46 user=admin ip=::1 sid=ejlcsikq2nsdk0edtm700fg419 case_id=51 action="User Accessed Evidence Page" page=evidence.php hmac=d5335f2a40351610d4218602a4fce7932392800e4c86bdb4be452a6886b08b65
[2026-04-18 04:47:36] eid=7258b36f98e1e737 user=admin ip=::1 sid=ejlcsikq2nsdk0edtm700fg419 case_id=51 action="User Accessed Evidence Page" page=evidence.php hmac=36b7f574305d75b762e6ff7fc44bbb9b8c50652bb3a5566bc5c9f971f2bf9eed
[2026-04-18 04:47:38] eid=7babb64315c7c349 user=admin ip=::1 sid=ejlcsikq2nsdk0edtm700fg419 case_id=51 action="User Accessed Evidence Page" page=evidence.php hmac=6975475be59e357d8147935df571689a2809b176a0def2232883039f63c90989
[2026-04-18 04:47:54] eid=38dca890a29b3c73 user=admin ip=::1 sid=ejlcsikq2nsdk0edtm700fg419 case_id=51 action="User Accessed Chain of Custody" page=COC.php hmac=d2d2e1f3355a80220845cbcfe48aacc4701376815c0f7d869526387a1a24f583
[2026-04-18 04:47:57] eid=e649448f2b6a580e user=admin ip=::1 sid=ejlcsikq2nsdk0edtm700fg419 case_id=51 action="User Accessed Users Page" page=users.php hmac=83cae45377f1508ad0e66801628f0140b80f7560dd127d7a5a19d03f9bc4f30d
[2026-04-18 04:48:00] eid=7960072b1d23ef71 user=admin ip=::1 sid=ejlcsikq2nsdk0edtm700fg419 case_id=51 action="User Accessed Chain of Custody" page=COC.php hmac=d3c804901d6a7700f9eea7a9aba65e758f0772c60babf7f1ce2b7d1707d46b7f
[2026-04-18 04:49:00] eid=8cfb8cf5d62f6970 user=admin ip=::1 sid=ejlcsikq2nsdk0edtm700fg419 case_id=51 action="User Accessed Chain of Custody" page=COC.php hmac=ae18fb182cd75d8712c033d38752ed005bf6c34b22c9e16f1debae293dedf111
[2026-04-18 04:49:03] eid=c36598943af5de47 user=admin ip=::1 sid=ejlcsikq2nsdk0edtm700fg419 case_id=51 action="User Accessed Chain of Custody" page=COC.php hmac=62b1c6a2c86a4bdc5ba2c97104cb75be3a834e5ebb36410751d1c18afb46fd95
[2026-04-18 04:49:07] eid=7076bf6b93124357 user=admin ip=::1 sid=ejlcsikq2nsdk0edtm700fg419 case_id=51 action="User Accessed Chain of Custody" page=COC.php hmac=517d61d6ec3347ada5598dca206762ba583a03596c87a9809a1f9ff3067a0985
[2026-04-18 04:49:19] eid=e0f855ff4dc5fc2b user=admin ip=::1 sid=ejlcsikq2nsdk0edtm700fg419 case_id=51 action="User Accessed Dashboard" page=dashboard.php hmac=1491b19fd891b13fc55b568d2f7e26a547f367d19ea7cb12a2b368426dc0cf2d
[2026-04-18 04:49:23] eid=5f723bd58fe95fba user=admin ip=::1 sid=ejlcsikq2nsdk0edtm700fg419 case_id=51 action="User Accessed Dashboard" page=dashboard.php hmac=7dba12c154f7f4b8d6125f9de4bfa78103cba9f05a6e9bb4f684b1e988fd1f1a
[2026-04-18 04:49:38] eid=f6516a978a3052ea user=admin ip=::1 sid=ejlcsikq2nsdk0edtm700fg419 case_id=51 action="User Accessed Evidence Page" page=evidence.php hmac=ec88d769c51cbc42d600aecc4e7cb861e91196e8fa4878c30e4935e16af1219e
[2026-04-18 04:49:43] eid=4df879b2d68dc398 user=admin ip=::1 sid=ejlcsikq2nsdk0edtm700fg419 case_id=51 action="User Accessed Timeline" page=timeline.php hmac=9b50406dc6d87496aadec3c839cf798945e7ce4f852c3835c29e27836ffe5b64
[2026-04-18 04:50:15] eid=c226bcaea26da084 user=admin ip=::1 sid=ejlcsikq2nsdk0edtm700fg419 case_id=51 action="User Accessed Analysis" page=wireshark_analysis.php hmac=694c4f6715c4756cf47813223723f91a66cbe422bb56beb98b4b1f14c361c66c
[2026-04-18 04:50:17] eid=1bb0804d0f908d94 user=admin ip=::1 sid=ejlcsikq2nsdk0edtm700fg419 case_id=51 action="User Accessed Analysis" page=wireshark_analysis.php hmac=988e19103bc12e4125efee2e73a171cd3155a30d1219a9acceca67144eaeeb61
[2026-04-18 04:50:17] eid=f01a7d933e445a73 user=admin ip=::1 sid=ejlcsikq2nsdk0edtm700fg419 case_id=51 action="User Accessed Analysis" page=wireshark_analysis.php hmac=cc1811bef563ec7654b83cead980cf8f30761c9ffafa8e439217f0e487d4f087
[2026-04-18 04:52:20] eid=f491e847abc34d63 user=admin ip=::1 sid=ejlcsikq2nsdk0edtm700fg419 case_id=51 action="User Accessed Analysis" page=wireshark_analysis.php hmac=3946156fcf9f322ee26bb6f4d66cc349d7db5c9722f13be78a7e5993ac65f8dc
[2026-04-18 04:52:22] eid=53ddbf155b08a84b user=admin ip=::1 sid=ejlcsikq2nsdk0edtm700fg419 case_id=51 action="User Accessed Analysis" page=wireshark_analysis.php hmac=09eecbee1bca7fea5bb59733ecb5cadc898b8ecd8e5204963ed5d52cc3b88de9
[2026-04-18 04:52:22] eid=9846fba687cabf4f user=admin ip=::1 sid=ejlcsikq2nsdk0edtm700fg419 case_id=51 action="User Accessed Analysis" page=wireshark_analysis.php hmac=c09a23c6c545cc941620366f09a332101a6989718e580da71ebcab4c2e1dc200
[2026-04-18 04:52:26] eid=cd45c4517cbc32eb user=admin ip=::1 sid=ejlcsikq2nsdk0edtm700fg419 case_id=51 action="User Accessed Analysis" page=wireshark_analysis.php hmac=190c3e40e1de392e403776b3b800bc2ca1df797b318112d1546e4f572345286c
[2026-04-18 04:52:26] eid=aa2d7f6889941275 user=admin ip=::1 sid=ejlcsikq2nsdk0edtm700fg419 case_id=51 action="User Accessed Analysis" page=wireshark_analysis.php hmac=2584e4158e493be5af40eb27fd66e864fd374903aeb823f7546d87cb8d543f55
[2026-04-18 04:53:30] eid=e736ea7e50f679b5 user=admin ip=::1 sid=ejlcsikq2nsdk0edtm700fg419 case_id=51 action="User Accessed Analysis" page=wireshark_analysis.php hmac=263dadf10a0da28952536d683bfa6a48872f6844e7d9cf6005473bc6af61171e
[2026-04-18 04:53:45] eid=41a23bb31a1863fb user=admin ip=::1 sid=ejlcsikq2nsdk0edtm700fg419 case_id=51 action="User Accessed Analysis" page=wireshark_analysis.php hmac=6f93357a2c1dbc8ed90042ece60ea4e69a88fde3ae9b8576062f49c8e528e9ea
[2026-04-18 04:53:45] eid=41822bd0d3b8cebf user=admin ip=::1 sid=ejlcsikq2nsdk0edtm700fg419 case_id=51 action="User Accessed Analysis" page=wireshark_analysis.php hmac=cb23aa081daf9826380c59230a6ae6e8daca899c3a8cebb405d87d3278a0562a
[2026-04-18 04:55:53] eid=8683791aa3bf893d user=admin ip=::1 sid=ejlcsikq2nsdk0edtm700fg419 case_id=51 action="User Accessed Analysis" page=wireshark_analysis.php hmac=d87a6a62984a320884c3609532b1370b1223a8f70357b2978a6c45f92970c7e7
[2026-04-18 04:55:58] eid=e17a7d142e67344a user=admin ip=::1 sid=ejlcsikq2nsdk0edtm700fg419 case_id=51 action="User Accessed Analysis" page=wireshark_analysis.php hmac=58db5361e7f6141370147a9a84f4128d691e1e561cb6fb6b3265e7c9e84f983b
[2026-04-18 04:55:58] eid=98c4667a51101416 user=admin ip=::1 sid=ejlcsikq2nsdk0edtm700fg419 case_id=51 action="User Accessed Analysis" page=wireshark_analysis.php hmac=6bd0e367eef4a9a19776533178e7c8d413aa58f499a150ae97d4036a45a92960
[2026-04-18 04:57:27] eid=3ddb4d737becced1 user=admin ip=::1 sid=ejlcsikq2nsdk0edtm700fg419 case_id=51 action="User Accessed Evidence Page" page=evidence.php hmac=769fbc92e581ae79cb5a1af0ded6547dd4f223c362da223db261014433a893ee
[2026-04-18 04:57:39] eid=7d82777fc6672ab7 user=admin ip=::1 sid=ejlcsikq2nsdk0edtm700fg419 case_id=51 action="User Accessed Evidence Page" page=evidence.php hmac=77d7354ff7084bbc0859cf71df3878b123a5744d6cceff0b115fb98ed4d1bffa
[2026-04-18 04:57:48] eid=b0c4ef753aed496b user=admin ip=::1 sid=ejlcsikq2nsdk0edtm700fg419 case_id=51 action="User Accessed Analysis" page=wireshark_analysis.php hmac=f881ab35292b64c8c362547194cd097c82278697f0512be89fb1320132dfa951
[2026-04-18 04:57:52] eid=ca1c557de6304b22 user=admin ip=::1 sid=ejlcsikq2nsdk0edtm700fg419 case_id=51 action="User Accessed Analysis" page=wireshark_analysis.php hmac=3a9cfed39ce1bcb4362dbf9a437223a670427e332c78508a91353a76d1dc2595
[2026-04-18 04:57:53] eid=c12c804737ba3ffe user=admin ip=::1 sid=ejlcsikq2nsdk0edtm700fg419 case_id=51 action="User Accessed Analysis" page=wireshark_analysis.php hmac=c8fcf5ac98ae016fb77b15225c8151b4ccb1840f0bc462ff599bb629d2911298
[2026-04-18 04:58:49] eid=ceac6ee2ee5c2098 user=admin ip=::1 sid=ejlcsikq2nsdk0edtm700fg419 case_id=51 action="User Accessed Analysis" page=wireshark_analysis.php hmac=77e53da5006e48693b698c19056534d90b6c7e6e62aa619576188d22e364d07d
[2026-04-18 05:00:28] eid=3e3baaac05f23e94 user=admin ip=::1 sid=ejlcsikq2nsdk0edtm700fg419 case_id=51 action="User Accessed Analysis" page=wireshark_analysis.php hmac=33cf5beb0c6e3811bdac3c2e353580f98a10a18bf10cbd5b47e3d0383158df99
[2026-04-18 05:01:13] eid=2360bdae3f0eb992 user=admin ip=::1 sid=ejlcsikq2nsdk0edtm700fg419 case_id=51 action="User Accessed Analysis" page=wireshark_analysis.php hmac=30d56a8b5b6dc8b12bf65b1f051ebae3a1f9690c92bebeb272d5d50c8c37e131
[2026-04-18 05:02:03] eid=4dd892510d553c46 user=admin ip=::1 sid=ejlcsikq2nsdk0edtm700fg419 case_id=51 action="User Accessed Analysis" page=wireshark_analysis.php hmac=6e7ab19d15dcadab0fd2e834d5e1318a53683ef30b06518b9a07095351124705
[2026-04-18 05:02:57] eid=a5740e9bb8699aad user=admin ip=::1 sid=ejlcsikq2nsdk0edtm700fg419 case_id=51 action="User Accessed Analysis" page=wireshark_analysis.php hmac=674b6fd4d71be3cc31adc2112d43f8b721fa093fa2f3c411f1d085a2f8e7a95b
[2026-04-18 05:03:40] eid=5949b4ca28d11a4b user=admin ip=::1 sid=ejlcsikq2nsdk0edtm700fg419 case_id=51 action="User Accessed Analysis" page=wireshark_analysis.php hmac=2da40a9d6a1f3a95bfc9583f3bc0b1aab55d96180bfb639d742fae7fc294cfec
[2026-04-18 05:05:01] eid=58199a3653ebef61 user=admin ip=::1 sid=ejlcsikq2nsdk0edtm700fg419 case_id=51 action="User Accessed Analysis" page=wireshark_analysis.php hmac=68a83a2e54ed5d43cc95e67dfe4271efd84303fd3d0d1600da122eb891478f0f
[2026-04-18 05:06:48] eid=7fed0f1a45f1957d user=admin ip=::1 sid=ejlcsikq2nsdk0edtm700fg419 case_id=51 action="User Accessed Analysis" page=wireshark_analysis.php hmac=38d5917cf4605502611102676916f973a137a3af98eb4354dfc9dc9bf0c54bb7
[2026-04-18 05:06:53] eid=ce7affd8991de990 user=admin ip=::1 sid=ejlcsikq2nsdk0edtm700fg419 case_id=51 action="User Accessed Evidence Page" page=evidence.php hmac=21b108cfd6519c43c2761a03a187d4cbbf91d6f73dc700da76016b37e372e373
[2026-04-18 05:07:03] eid=92459d768655edd1 user=admin ip=::1 sid=ejlcsikq2nsdk0edtm700fg419 case_id=51 action="User Accessed Evidence Page" page=evidence.php hmac=c2a71dbcca662c3b9d65ca0b18e0a3d3e17f405b8f7b4a69831aaffc60508ec3
[2026-04-18 05:07:39] eid=31379c7f3ebf97e4 user=admin ip=::1 sid=ejlcsikq2nsdk0edtm700fg419 case_id=51 action="User Accessed Chain of Custody" page=COC.php hmac=7de756fa47c59b4ca60fa9e9971bd98db55d24365351ebbd2a4f6fd975b180a5
[2026-04-18 05:07:41] eid=906c7d5dc866f2ce user=admin ip=::1 sid=ejlcsikq2nsdk0edtm700fg419 case_id=51 action="User Accessed Analysis" page=wireshark_analysis.php hmac=477c104cb6fc037c9c3c4ae6ed48a863d25c23d9c7a425275af55a02d6927eaf
[2026-04-18 05:07:47] eid=b203c00d2f3acb92 user=admin ip=::1 sid=ejlcsikq2nsdk0edtm700fg419 case_id=51 action="User Accessed Analysis" page=wireshark_analysis.php hmac=2f81ebcd6065eb63fa4cfb6505b2a3f47f2a537f89213341db3e731656a3793c
[2026-04-18 05:07:47] eid=760d2f9f97db006d user=admin ip=::1 sid=ejlcsikq2nsdk0edtm700fg419 case_id=51 action="User Accessed Analysis" page=wireshark_analysis.php hmac=b7236372b6e9f4daf3dc9d37dec98344df3cf7924e8437f887a2f1e4e93c52b4
[2026-04-18 05:09:08] eid=782418ec193ffeb8 user=admin ip=::1 sid=ejlcsikq2nsdk0edtm700fg419 case_id=51 action="User Accessed Analysis" page=wireshark_analysis.php hmac=cce6efa2e946f8025bdc6a05cc762f49f888ac0cf740b18edab11de3b6d1aa7d
[2026-04-18 05:10:46] eid=a4d90a97269f1851 user=admin ip=::1 sid=ejlcsikq2nsdk0edtm700fg419 case_id=51 action="User Accessed Analysis" page=wireshark_analysis.php hmac=10d862d936c3784e844e483c527f5b11f5b9c9f63b9c530debc3960d3ec2a729
[2026-04-18 05:11:50] eid=d1de42fc8929827e user=admin ip=::1 sid=ejlcsikq2nsdk0edtm700fg419 case_id=51 action="User Accessed Analysis" page=wireshark_analysis.php hmac=fd7facaa76c258270247023c41f31eed35a12bb3130013dd3c5048599df254c6
[2026-04-18 05:11:53] eid=c111b84b3bb2c7d5 user=admin ip=::1 sid=ejlcsikq2nsdk0edtm700fg419 case_id=51 action="User Accessed Analysis" page=wireshark_analysis.php hmac=ec563314aebc76e18c01355a423cfcdc29c70a5848e6312e7f0d4952feb2c4b0
[2026-04-18 05:12:02] eid=80faa5369c0a7973 user=admin ip=::1 sid=ejlcsikq2nsdk0edtm700fg419 case_id=51 action="User Accessed Analysis" page=wireshark_analysis.php hmac=5c729d6a5cf1bf4ea8e58f8ba2f6fa5389cc5abcbc358b0d6c6d328dce8bc9e2
[2026-04-18 05:12:18] eid=199a35d85bb06ca3 user=admin ip=::1 sid=ejlcsikq2nsdk0edtm700fg419 case_id=51 action="User Accessed Evidence Page" page=evidence.php hmac=8966c08be59ed46769372925ffe40cfc2b8c77eb735bc59cb3d2a99a30a9b5ad
[2026-04-18 05:14:10] eid=f18dec15c50e03ec user=admin ip=::1 sid=ejlcsikq2nsdk0edtm700fg419 case_id=51 action="User Accessed Evidence Page" page=evidence.php hmac=e84607a9955ce50e555d8f616c566355c175611ba8a42c4ab313b0483a63f3a2
[2026-04-18 05:14:18] eid=89b7ce8f480fcc4c user=admin ip=::1 sid=ejlcsikq2nsdk0edtm700fg419 case_id=51 action="User Accessed Analysis" page=wireshark_analysis.php hmac=a143229ea2d25a1192dc650e5e5a75999d40462b4b0099e28948587ef04b5052
[2026-04-18 05:15:25] eid=fb809acb1f7a7449 user=admin ip=::1 sid=ejlcsikq2nsdk0edtm700fg419 case_id=51 action="User Accessed Dashboard" page=dashboard.php hmac=ed50005ee4959281c1fde9271abe5a90cd1337ea383096ee60022e7a96cb10be
[2026-04-18 05:15:28] eid=075c32690864297d user=admin ip=::1 sid=ejlcsikq2nsdk0edtm700fg419 case_id=51 action="User Accessed Analysis" page=wireshark_analysis.php hmac=e8f3a8beeb7f5730cab82c07546921b1975d7658fcca4e150ae45a60852b8aea
[2026-04-18 05:19:09] eid=078790db20abf0aa user=admin ip=::1 sid=ejlcsikq2nsdk0edtm700fg419 case_id=51 action="User Accessed Analysis" page=wireshark_analysis.php hmac=15a9a03546dff19eab05290a642e76ce7319b83633ca02b88daf9a4c96015302
[2026-04-18 05:19:13] eid=d0992e9672ff9c6c user=admin ip=::1 sid=ejlcsikq2nsdk0edtm700fg419 case_id=51 action="User Accessed Chain of Custody" page=COC.php hmac=1976a55a736b4e774e5a88f26db14ac4cd7f99ee1948816d5b7ee8f2e635426c
[2026-04-18 05:19:15] eid=c719a42997a36bf6 user=admin ip=::1 sid=ejlcsikq2nsdk0edtm700fg419 case_id=51 action="User Accessed Users Page" page=users.php hmac=4e25c54bf957a3b947a0352cc6cedd8d1b82b66495301efe990b7e4b47b2bc78
[2026-04-18 05:19:21] eid=6831ec63c3ffec41 user=admin ip=::1 sid=ejlcsikq2nsdk0edtm700fg419 case_id=51 action="User Accessed Dashboard" page=dashboard.php hmac=6553296d0a2129b9aed118ecf4ca03caead598be9c30cbefe0c8c335384fec85
[2026-04-18 05:19:24] eid=f5b751199d844f8e user=admin ip=::1 sid=ejlcsikq2nsdk0edtm700fg419 case_id=51 action="User Accessed Dashboard" page=dashboard.php hmac=5b9d339bb03eed507127a7d6d28faa5d5b72dd09690250e3d2a1f4da341fb529
[2026-04-18 05:19:24] eid=a410da93ebd75e50 user=admin ip=::1 sid=ejlcsikq2nsdk0edtm700fg419 case_id=51 action="User Accessed Dashboard" page=dashboard.php hmac=57bf7c5859b220973aca25f458b87258440deb688f154cd5ee00760b97becd0b
[2026-04-18 05:19:29] eid=415f27b4bb95e3a3 user=admin ip=::1 sid=ejlcsikq2nsdk0edtm700fg419 case_id=51 action="User Accessed Evidence Page" page=evidence.php hmac=2c4bba4fe618f8f67c972e8b031f1cd40c87e08a4924bbc4233c19e0bc84239d
[2026-04-18 05:19:32] eid=e8787f5720679c0a user=admin ip=::1 sid=ejlcsikq2nsdk0edtm700fg419 case_id=51 action="User Accessed Timeline" page=timeline.php hmac=bfbb20fee13fcb412fe619b2976f72fcbe522246b5cb717413bf6dcc9aaaf141
[2026-04-18 05:20:09] eid=d62df01899b77e8a user=admin ip=::1 sid=ejlcsikq2nsdk0edtm700fg419 case_id=51 action="User Accessed Dashboard" page=dashboard.php hmac=f538ef701b2fb35ef43c96b94a1c271bbba09ae7b683625413fec4a050cf738e
[2026-04-18 05:20:26] eid=0d99c099e8a03914 user=admin ip=::1 sid=ejlcsikq2nsdk0edtm700fg419 case_id=51 action="User Accessed Dashboard" page=dashboard.php hmac=d419402901462dfeed19cb398423f64fcf601c2c76abbda9e60b2984c548c91a
[2026-04-18 05:20:30] eid=ac4a4a4b9e58c595 user=admin ip=::1 sid=ejlcsikq2nsdk0edtm700fg419 case_id=51 action="User Accessed Evidence Page" page=evidence.php hmac=66d3d219eea0349d8fcde2e964d7e5570586e1a8db94c4a8c0d539ad6cd6ee6a
[2026-04-18 05:20:34] eid=8012b72b4ddbfb4e user=admin ip=::1 sid=ejlcsikq2nsdk0edtm700fg419 case_id=51 action="User Accessed Timeline" page=timeline.php hmac=2155160728dcc7b08c730a3718def9c8a48ba5b5461f434f26979f0da73487bd
[2026-04-18 05:21:00] eid=9d3003bf309ef5b9 user=admin ip=::1 sid=ejlcsikq2nsdk0edtm700fg419 case_id=51 action="User Accessed Timeline" page=timeline.php hmac=303419668ea1a75b75dd8f8becb37047cdd432b45ee101a45fc04b47f39d62ad
[2026-04-18 05:21:02] eid=e6b959b7a61cb95c user=admin ip=::1 sid=ejlcsikq2nsdk0edtm700fg419 case_id=51 action="User Accessed Analysis" page=wireshark_analysis.php hmac=36611b0c462bcb6d299b44dfa55a438d84f6d2cd2aaa530b8449613a50bf7796
[2026-04-18 05:21:06] eid=0f7e12472fb57101 user=admin ip=::1 sid=ejlcsikq2nsdk0edtm700fg419 case_id=51 action="User Accessed Chain of Custody" page=COC.php hmac=f86f40e8313f4bbddba15f7140b1951c68b3a015924b693ee718e96cfa7eeea7
[2026-04-18 05:21:08] eid=2861d5bb354598ed user=admin ip=::1 sid=ejlcsikq2nsdk0edtm700fg419 case_id=51 action="User Accessed Users Page" page=users.php hmac=7fcb2277297e0cda15c2532e1ab6192caac0ee222c34e8ad34398489d5099b89
[2026-04-18 05:21:12] eid=9776092ba72f547b user=admin ip=::1 sid=ejlcsikq2nsdk0edtm700fg419 case_id=51 action="User Accessed Analysis" page=wireshark_analysis.php hmac=fe2973053d280db95c7dbcec89487e22130cc320a0cc063b2e1f81c734b44720
[2026-04-18 05:21:59] eid=185f4e69a10f4d5d user=admin ip=::1 sid=ejlcsikq2nsdk0edtm700fg419 case_id=51 action="User Accessed Analysis" page=wireshark_analysis.php hmac=e37a146a4e1a8880c10c1b5acb0e6523623d0c77935f1e58725c2a3a6de923b2
[2026-04-18 05:22:01] eid=3c5a1e423674f4ba user=admin ip=::1 sid=ejlcsikq2nsdk0edtm700fg419 case_id=51 action="User Accessed Dashboard" page=dashboard.php hmac=3e0c4c78f8b5e81c3221ed8294bbcdac91f1250701cf8e702d70d018173ea08e
[2026-04-18 05:22:17] eid=d5ecdf3c68cb53ff user=admin ip=::1 sid=ejlcsikq2nsdk0edtm700fg419 case_id=51 action="User Accessed Dashboard" page=dashboard.php hmac=7e41e3e793b59d9d32b3546f4d199c585294752b4edf0bb8e04bc12d52db5cc3
[2026-04-18 05:22:29] eid=53faacd2997c1ea4 user=admin ip=::1 sid=ejlcsikq2nsdk0edtm700fg419 case_id=51 action="User Accessed Evidence Page" page=evidence.php hmac=b6fc0559d180fd5afb71181da82c53122027348f6602814c90c5538a3ae1f12d
[2026-04-18 05:23:35] eid=4dd864c2cc218116 user=admin ip=::1 sid=ejlcsikq2nsdk0edtm700fg419 case_id=51 action="User Accessed Dashboard" page=dashboard.php hmac=57f5fd1b9ee9ecba8b22883b0eecb300bda33bc0791797012821c95d1390db36
[2026-04-18 05:24:15] eid=b4b2a32424a849e6 user=admin ip=::1 sid=ejlcsikq2nsdk0edtm700fg419 case_id=51 action="User Accessed Dashboard" page=dashboard.php hmac=bb06d09fc090a708b7cac8f4b048cb7a4d242d468cb0814cb8eb53ca26178e7e
[2026-04-18 05:26:35] eid=a9f65b7875502fce user=admin ip=::1 sid=ejlcsikq2nsdk0edtm700fg419 case_id=51 action="User Accessed Dashboard" page=dashboard.php hmac=61b984a33891108b69d227633613e08362fb136cf935bfd161e8d26a2d01d99a
[2026-04-18 05:26:44] eid=617892f029476f75 user=admin ip=::1 sid=ejlcsikq2nsdk0edtm700fg419 case_id=51 action="User Accessed Timeline" page=timeline.php hmac=b6c5bb2eaa8edb03e71cc7ab45323323c0e9be85101093d635aa1a477579b77d
[2026-04-18 05:27:44] eid=2aef7c94f0d44432 user=admin ip=::1 sid=ejlcsikq2nsdk0edtm700fg419 case_id=51 action="User Accessed Timeline" page=timeline.php hmac=8d9493c106474a02cad81ca983491ab03657a705726a86d26a842863772c3e76
[2026-04-18 05:28:24] eid=fbee044d024ff1ce user=admin ip=::1 sid=ejlcsikq2nsdk0edtm700fg419 case_id=51 action="User Accessed Dashboard" page=dashboard.php hmac=a557327b4854e55a391e4da87c2c590192fc4177c5e5baa321a433735c1313b3
[2026-04-18 05:28:35] eid=6d540ad0259f79ab user=admin ip=::1 sid=ejlcsikq2nsdk0edtm700fg419 case_id=51 action="User Accessed Dashboard" page=dashboard.php hmac=d85e47168648e0ea05391d33c6f3e65ed83ee5188889afdd4f43e4a6e3087ff6
[2026-04-18 05:28:44] eid=ed2c9df27896ae8f user=admin ip=::1 sid=ejlcsikq2nsdk0edtm700fg419 case_id=51 action="User Accessed Evidence Page" page=evidence.php hmac=d9692485e9a44dd0f68b209c6508bd7a1ba4e986d2d50a701d933cc20600a761
[2026-04-18 05:28:48] eid=fa44db6806a52777 user=admin ip=::1 sid=ejlcsikq2nsdk0edtm700fg419 case_id=51 action="User Accessed Timeline" page=timeline.php hmac=1d9b59c0c96ca56bd7c26ad2459c7b17f0a1a40259fc84ce84fdefdc23fcc648
[2026-04-18 05:31:48] eid=1ca40ab956957fd3 user=admin ip=::1 sid=ejlcsikq2nsdk0edtm700fg419 case_id=51 action="User Accessed Timeline" page=timeline.php hmac=99250f20317f513eb2c4bb6d1d0744ad4c1c38caae8056573fafbd07d156bd57
[2026-04-18 05:33:42] eid=aeaf4e1da8b35812 user=admin ip=::1 sid=ejlcsikq2nsdk0edtm700fg419 case_id=51 action="User Accessed Timeline" page=timeline.php hmac=7c30634e3fe6e75241c9a063f07382bdba20abfbc46d00d43653dd396f8f1ed3
[2026-04-18 05:33:50] eid=9c5391b5385a8cba user=admin ip=::1 sid=ejlcsikq2nsdk0edtm700fg419 case_id=51 action="User Accessed Evidence Page" page=evidence.php hmac=bb8df09d96d38296a5d3a2f69e25c822b086f2ea1da3ed575c125f8371e7e695
[2026-04-18 05:33:58] eid=5ac3a089e35739f4 user=admin ip=::1 sid=ejlcsikq2nsdk0edtm700fg419 case_id=51 action="User Accessed Timeline" page=timeline.php hmac=d9bbce49be620ee75d3c6f6edda0cc9f5606795b2ea8e271d9e8c7d987170adf
[2026-04-18 05:35:46] eid=fd20e16d454f8f28 user=admin ip=::1 sid=ejlcsikq2nsdk0edtm700fg419 case_id=51 action="User Accessed Timeline" page=timeline.php hmac=25d8583637d4a09b8f395e36f82281d17c2a5ee0ae7b1b7cb693170f34c9f7cc
[2026-04-18 05:35:54] eid=c4576c400baaaee2 user=admin ip=::1 sid=ejlcsikq2nsdk0edtm700fg419 case_id=51 action="User Accessed Dashboard" page=dashboard.php hmac=68aee7f9a1cf7152093b4236923583a02413c4fb5ab282f934d1a857b98963a1
[2026-04-18 05:36:00] eid=6b189ea8e8ac7974 user=admin ip=::1 sid=ejlcsikq2nsdk0edtm700fg419 case_id=51 action="User Accessed Dashboard" page=dashboard.php hmac=db70158114f8cf29bd51f4a6d4e19538a783d3cceef50a296ca436ce58c1bdb8
[2026-04-18 05:36:02] eid=0451cdac5bebaf06 user=admin ip=::1 sid=ejlcsikq2nsdk0edtm700fg419 case_id=51 action="User Accessed Timeline" page=timeline.php hmac=662a824566f989766751bb3c75edd1b1b526ef265b48565df789ce83e506a5bf
[2026-04-18 05:36:08] eid=8bac46f21d05b796 user=admin ip=::1 sid=ejlcsikq2nsdk0edtm700fg419 case_id=51 action="User Accessed Dashboard" page=dashboard.php hmac=361c44467d61f3fd5a66456551d14320ded2992539fb9d43ccc989126e4fdad2
[2026-04-18 05:37:56] eid=694894eefd00110f user=admin ip=::1 sid=ejlcsikq2nsdk0edtm700fg419 case_id=51 action="User Accessed Dashboard" page=dashboard.php hmac=96daab4244d00118246ae8f20548f80714eb514ed5304e98c63078f70cd3cfa7
[2026-04-18 05:38:11] eid=231e8d5882f27f8e user=admin ip=::1 sid=ejlcsikq2nsdk0edtm700fg419 case_id=51 action="User Accessed Dashboard" page=dashboard.php hmac=8d5a32095e0245897ebbd5dcef0e8be70225cb5248b6c2eb052fe0cec787b32f
[2026-04-18 05:38:36] eid=17bf7ced1f86ec60 user=admin ip=::1 sid=ejlcsikq2nsdk0edtm700fg419 case_id=51 action="User Accessed Timeline" page=timeline.php hmac=6aa7c3b084d0c59f6857c63b05320aae5396039224ef64071cda043ad884bb21
[2026-04-18 05:41:25] eid=a257ddfe817853c0 user=admin ip=::1 sid=ejlcsikq2nsdk0edtm700fg419 case_id=51 action="User Accessed Timeline" page=timeline.php hmac=cc5cee5edbfe9cd324c84a9026b6966a979b004c9a4249f4f4d88c0177e63b69
[2026-04-18 05:41:28] eid=a3af197577727e88 user=admin ip=::1 sid=ejlcsikq2nsdk0edtm700fg419 case_id=51 action="User Accessed Dashboard" page=dashboard.php hmac=0e01102479127b31ce68223ccaec37f27f603881a5a2401155294c561440db46
[2026-04-18 05:42:36] eid=37c2e3f110753922 user=admin ip=::1 sid=ejlcsikq2nsdk0edtm700fg419 case_id=51 action="User Accessed Chain of Custody" page=COC.php hmac=4878b4f6d673729dda2c67e47723e81083d381454b656fc600ac46d1cdadcabf
[2026-04-18 05:42:40] eid=7236adf13a389540 user=admin ip=::1 sid=ejlcsikq2nsdk0edtm700fg419 case_id=51 action="User Accessed Users Page" page=users.php hmac=d6fdb2545b1897e836d95af85a53e3d0859d4d09a734d13b4c83084c0fd715e8
[2026-04-18 05:42:45] eid=dc8e7f81744e9ac8 user=admin ip=::1 sid=ejlcsikq2nsdk0edtm700fg419 case_id=51 action="User Accessed Dashboard" page=dashboard.php hmac=92229ce49ba7135af481be5ff2d349612fe7be9a43c10f5e912a6894324703dd
[2026-04-18 05:43:18] eid=dd84e09f56457a7f user=admin ip=::1 sid=ejlcsikq2nsdk0edtm700fg419 case_id=51 action="User Accessed Dashboard" page=dashboard.php hmac=f4c70048d1afc2b4bd343bdc80e5880f3eeaa11c73dba3787a620ed0cd125c11
[2026-04-18 05:44:42] eid=0166fc954eb0e7b9 user=admin ip=::1 sid=ejlcsikq2nsdk0edtm700fg419 case_id=51 action="User Accessed Dashboard" page=dashboard.php hmac=635de1e10d0019d231823e68ce5691db81392a0238d9851ddeb9125036f0b9a9
[2026-04-18 05:45:16] eid=a5d2691684ad56e1 user=admin ip=::1 sid=ejlcsikq2nsdk0edtm700fg419 case_id=51 action="User Accessed Evidence Page" page=evidence.php hmac=badd044e0b26dff03e9c49c135804f11a842a13b2125308e9d0518d4a8cbafe8
[2026-04-18 05:46:22] eid=5c4f8b63c8138583 user=admin ip=::1 sid=ejlcsikq2nsdk0edtm700fg419 case_id=51 action="User Accessed Dashboard" page=dashboard.php hmac=6c16ef76e223c3f66ac3cb5604e53c2db147477e1c966a8f6da7b230afd4033d
[2026-04-18 05:47:33] eid=9908afcc12337e9c user=admin ip=::1 sid=ejlcsikq2nsdk0edtm700fg419 case_id=51 action="User Accessed Dashboard" page=dashboard.php hmac=684d0db9344666a04d0ea57f06d925daad184be1addff5aa46147fb64cdad971
[2026-04-18 05:48:40] eid=9f85d8021abcf906 user=admin ip=::1 sid=ejlcsikq2nsdk0edtm700fg419 case_id=51 action="User Accessed Dashboard" page=dashboard.php hmac=9a1901a59caf42a5b4510afa77de39cbfc646c8e3ae2e8930cfde14c99ac772d
[2026-04-18 05:49:19] eid=f151a0c0fb49a9a6 user=admin ip=::1 sid=ejlcsikq2nsdk0edtm700fg419 case_id=51 action="User Accessed Dashboard" page=dashboard.php hmac=e906aa34982a904250ab781b49797d8b5b5e7d7486633e38f5eaa57319acc24c
[2026-04-18 05:49:23] eid=9a3ee927fd29af4f user=admin ip=::1 sid=ejlcsikq2nsdk0edtm700fg419 case_id=51 action="User Accessed Dashboard" page=dashboard.php hmac=6074e8a3162b162b7ae37ce1deae3391ca7e86ebc0d9ce7128085dfd91421ba8
[2026-04-18 05:49:26] eid=9ba7606a94f31805 user=admin ip=::1 sid=ejlcsikq2nsdk0edtm700fg419 case_id=51 action="User Accessed Evidence Page" page=evidence.php hmac=d1ed4d6301befbaa4856a1851cc2dbde71567b9db23360cc68ee48ead892931a
[2026-04-18 05:49:27] eid=0aa0c560ac45b922 user=admin ip=::1 sid=ejlcsikq2nsdk0edtm700fg419 case_id=51 action="User Accessed Timeline" page=timeline.php hmac=e5a35ab1a1f30f4eb4d2617edbae6796bf2f7bf4e1172a61d3b6fb7479b90881
[2026-04-18 05:49:28] eid=0fe359f3a15c13c6 user=admin ip=::1 sid=ejlcsikq2nsdk0edtm700fg419 case_id=51 action="User Accessed Evidence Page" page=evidence.php hmac=f230ddfde9f694c160406e26856d921a42dedb169f4836919e135b9783c5b752
[2026-04-18 05:49:43] eid=11750c88b718f4d2 user=admin ip=::1 sid=ejlcsikq2nsdk0edtm700fg419 case_id=51 action="User Accessed Timeline" page=timeline.php hmac=78e7660c71ef5cc448fec998e6d449f2b751e5adee9d7b42c12105f98a4d203f
[2026-04-18 05:49:47] eid=23fcecc9452e7826 user=admin ip=::1 sid=ejlcsikq2nsdk0edtm700fg419 case_id=51 action="User Accessed Chain of Custody" page=COC.php hmac=f3ce15aeedeef3d0a03439d0d1e801421a73cc7b45d71690b6fa08206cf84558
[2026-04-18 05:49:49] eid=710e4568e8a2be23 user=admin ip=::1 sid=ejlcsikq2nsdk0edtm700fg419 case_id=51 action="User Accessed Users Page" page=users.php hmac=b2b22c446d77089f7ba675d48a304706259ce8802d6504f4f53336d27ecd613b
[2026-04-18 05:49:51] eid=9252019361b346d6 user=admin ip=::1 sid=ejlcsikq2nsdk0edtm700fg419 case_id=51 action="User Accessed Analysis" page=wireshark_analysis.php hmac=cf7656caba5b5daff785688a58cbbe0d7f09be57fdac078ac31493f8e861e4d8
[2026-04-18 06:04:37] eid=6f68700b9139f260 user=admin ip=::1 sid=ejlcsikq2nsdk0edtm700fg419 case_id=51 action="User Accessed Analysis" page=wireshark_analysis.php hmac=ba6759ecbcbb66b97e77214fc3291d93930f06a9cea620efc5454785f0436e30
[2026-04-18 09:02:42] eid=b7c000056ace611d user=admin ip=::1 sid=ejlcsikq2nsdk0edtm700fg419 case_id=51 action="User Accessed Analysis" page=wireshark_analysis.php hmac=298ec09be5e9edde43645268ae24051997f4eb86dc4f55af4fa6e3111d6ce181
[2026-04-18 09:02:44] eid=6a11654a4979a2af user=admin ip=::1 sid=ejlcsikq2nsdk0edtm700fg419 case_id=51 action="User Accessed Autopsy Analysis" page=autopsy_analysis.php hmac=4612e9f65efdb685e19a70022e08942664d66e29f547f1d6420c6d167d9ced0c
[2026-04-18 09:02:48] eid=239389331c3e3def user=admin ip=::1 sid=ejlcsikq2nsdk0edtm700fg419 case_id=51 action="User Accessed Volatility Analysis" page=volatility_analysis.php hmac=d46decbeb1d5e0108fba15b79894e696be4fc059adf7a0f6e4b37a0701ba3a01
[2026-04-18 09:02:56] eid=450fee17f8b2cae9 user=admin ip=::1 sid=ejlcsikq2nsdk0edtm700fg419 case_id=51 action="User Accessed Guymager Analysis" page=guymager_analysis.php hmac=69034819c44360b592617e7fd4d769e4c5ccaef3a3ffd8d520b8e9ab0350d4ae
[2026-04-18 09:03:52] eid=a03fdadf7c89c2ec user=admin ip=::1 sid=ejlcsikq2nsdk0edtm700fg419 case_id=51 action="User Accessed Autopsy Analysis" page=autopsy_analysis.php hmac=3cf8e20a72b62ea6339c7acd9f43d3d4cd22031449325fa807b5fdd08b76d004
[2026-04-18 09:03:57] eid=c4f1c36a80d6da18 user=admin ip=::1 sid=ejlcsikq2nsdk0edtm700fg419 case_id=51 action="User Accessed Evidence Page" page=evidence.php hmac=1963268a615c549c133b986bdf1ef30af1cb2f26c7f9c1be16755ae651359658
[2026-04-18 09:04:06] eid=244ddc454166fee7 user=admin ip=::1 sid=ejlcsikq2nsdk0edtm700fg419 case_id=51 action="User Accessed Evidence Page" page=evidence.php hmac=7e6bd28e52a63d8a67f91c359df0e641ed154356b22fe0663991d4b55e28ced0
[2026-04-18 09:04:11] eid=82982404b676e79a user=admin ip=::1 sid=ejlcsikq2nsdk0edtm700fg419 case_id=51 action="User Accessed Autopsy Analysis" page=autopsy_analysis.php hmac=42a32e13d5d4ac1f88740b9e00d181211502af81ee649f98b7d4bc8855fb1f6c
[2026-04-18 09:04:15] eid=a7fb9eb1d7188bd6 user=admin ip=::1 sid=ejlcsikq2nsdk0edtm700fg419 case_id=51 action="User Accessed Autopsy Analysis" page=autopsy_analysis.php hmac=0d2b2ae45de1ae2ef6fd4a8fb6372d9527fd5fd4fd2661bdc0262f55c56b4510
[2026-04-18 09:04:15] eid=b512376d6714d6af user=admin ip=::1 sid=ejlcsikq2nsdk0edtm700fg419 case_id=51 action="User Accessed Autopsy Analysis" page=autopsy_analysis.php hmac=29cfef3a6beda6de00efe1177567765eeba4b98b6b2b995578a1a044aad33bae
[2026-04-18 09:05:12] eid=98d58e31163b13db user=admin ip=::1 sid=ejlcsikq2nsdk0edtm700fg419 case_id=51 action="User Accessed Autopsy Analysis" page=autopsy_analysis.php hmac=eb5d08b3af37cd7f932e8f9f1a8d8fe67f3103cdf9aa016184f8381282e1bd59
[2026-04-18 09:05:21] eid=fec406088cac36e5 user=admin ip=::1 sid=ejlcsikq2nsdk0edtm700fg419 case_id=51 action="User Accessed Autopsy Analysis" page=autopsy_analysis.php hmac=5f2905b07c5e4399a36196f43096e8ca7be307db09f68983e1e1f80c3a6259e1
[2026-04-18 09:05:21] eid=b2888bd476de59c5 user=admin ip=::1 sid=ejlcsikq2nsdk0edtm700fg419 case_id=51 action="User Accessed Autopsy Analysis" page=autopsy_analysis.php hmac=4a4aab1fdb5ef17817431f4511a239e34d7bc58c6c121f638d6b163f73b70d22
[2026-04-18 09:06:24] eid=fe0b591bf3684ff0 user=admin ip=::1 sid=ejlcsikq2nsdk0edtm700fg419 case_id=51 action="User Accessed Autopsy Analysis" page=autopsy_analysis.php hmac=023ca8e04c3bc94853bf9125391269dfc81d44f53e4a07e1281bfe9e005253a4
[2026-04-18 09:08:03] eid=4c4e9cd5b5518bb5 user=admin ip=::1 sid=ejlcsikq2nsdk0edtm700fg419 case_id=51 action="User Accessed Autopsy Analysis" page=autopsy_analysis.php hmac=daf2c96bba4b00c0b6c555ffd2b8244e5bb0448de7b637a1c7cc9e082d7c9217
[2026-04-18 09:08:41] eid=958c365d5dc51509 user=admin ip=::1 sid=ejlcsikq2nsdk0edtm700fg419 case_id=51 action="User Accessed Autopsy Analysis" page=autopsy_analysis.php hmac=17aed110b95a61bc0ced21cbf4cefe5897a8c8979d6d2c6fb4338c439566e828
[2026-04-18 09:08:45] eid=9cfaaef619529b53 user=admin ip=::1 sid=ejlcsikq2nsdk0edtm700fg419 case_id=51 action="User Accessed Autopsy Analysis" page=autopsy_analysis.php hmac=780a0799ba7a4a06bab482eb8f5977e9d0f5e15fdce19d895c0a74017d14cab1
[2026-04-18 09:08:45] eid=a2caf9fddfb2822e user=admin ip=::1 sid=ejlcsikq2nsdk0edtm700fg419 case_id=51 action="User Accessed Autopsy Analysis" page=autopsy_analysis.php hmac=f6ac0facdd6ac84d98996d6139e42de2015958fb5e58321e0f826b8518b794e9
[2026-04-18 09:09:59] eid=e337922ca03cc758 user=admin ip=::1 sid=ejlcsikq2nsdk0edtm700fg419 case_id=51 action="Accessed Parser Logs" page=parser_logs.php hmac=c9c83bb17e2d49cb18bc474e0916861de683ed4bf3b83d398045656cad641e7d
[2026-04-18 09:10:04] eid=52359ccb2c121630 user=admin ip=::1 sid=ejlcsikq2nsdk0edtm700fg419 case_id=51 action="Accessed Parser Logs" page=parser_logs.php hmac=2ffd4af3c1730c3bc739ca468cb2804338a2351f0e30b58f1ded15a3ba50d13e
[2026-04-18 09:10:09] eid=b3504c654e7d1636 user=admin ip=::1 sid=ejlcsikq2nsdk0edtm700fg419 case_id=51 action="Accessed Parser Logs" page=parser_logs.php hmac=8e6170e947094c6dbef1112c577bcff88b303c698bbf1766cdb9b25840c55d23
[2026-04-18 09:10:14] eid=45914e284ba879d0 user=admin ip=::1 sid=ejlcsikq2nsdk0edtm700fg419 case_id=51 action="Accessed Parser Logs" page=parser_logs.php hmac=bd87544b6e23ffdbd4879e9e82aa607ca83170e0e956a7e1996de86379f7f205
[2026-04-18 09:10:19] eid=168ada4e9becc846 user=admin ip=::1 sid=ejlcsikq2nsdk0edtm700fg419 case_id=51 action="Accessed Parser Logs" page=parser_logs.php hmac=35a457305df759e3f0ba3dbd23ba9e9d8874637143a05296982ea5813c90123d
[2026-04-18 09:10:24] eid=91f6a3dc160461d9 user=admin ip=::1 sid=ejlcsikq2nsdk0edtm700fg419 case_id=51 action="Accessed Parser Logs" page=parser_logs.php hmac=c42d619763e8dbba286cff8305028c36228dc0ec499e75330a027fb4ec509f1c
[2026-04-18 09:10:29] eid=e77e32f55a8cce65 user=admin ip=::1 sid=ejlcsikq2nsdk0edtm700fg419 case_id=51 action="Accessed Parser Logs" page=parser_logs.php hmac=f1c0bc336dd184f069655646f6c1cedea5d5cffba9558afe6039947f9b4268fe
[2026-04-18 09:10:34] eid=4762bb5650c415d7 user=admin ip=::1 sid=ejlcsikq2nsdk0edtm700fg419 case_id=51 action="Accessed Parser Logs" page=parser_logs.php hmac=a6739da9f5fdc00d6f9208e7596800b969658b519aecf462a2a23db2341e86b6
[2026-04-18 09:10:39] eid=6f89c0d8c4a617d3 user=admin ip=::1 sid=ejlcsikq2nsdk0edtm700fg419 case_id=51 action="Accessed Parser Logs" page=parser_logs.php hmac=089845014c317a3a3b46410f710d80425ccd181773c5f3d588c9ac1c40fbaeca
[2026-04-18 09:10:44] eid=1fedb7429ccf5c49 user=admin ip=::1 sid=ejlcsikq2nsdk0edtm700fg419 case_id=51 action="Accessed Parser Logs" page=parser_logs.php hmac=667bbca9c4f432bc917327b033db8cec812c3318f6039dd336f50452c5f04d95
[2026-04-18 09:10:49] eid=1db4babd7268f624 user=admin ip=::1 sid=ejlcsikq2nsdk0edtm700fg419 case_id=51 action="Accessed Parser Logs" page=parser_logs.php hmac=2ed6ff299ebccefbf7c4c785c6731510af5d4a52048e532928819039a3e2bb4a
[2026-04-18 09:10:54] eid=9aac92a8088e8b53 user=admin ip=::1 sid=ejlcsikq2nsdk0edtm700fg419 case_id=51 action="Accessed Parser Logs" page=parser_logs.php hmac=ea8f488e31624fe297231550577e80c3e1964adb51c783aab0c50663de531f9b
[2026-04-18 09:10:59] eid=7e5bfe38008da3f2 user=admin ip=::1 sid=ejlcsikq2nsdk0edtm700fg419 case_id=51 action="Accessed Parser Logs" page=parser_logs.php hmac=9878222b7d955de43a50a48758f06e64e24b3506f4681de48122205a492d3f63
[2026-04-18 09:11:04] eid=530fb7c42c62c680 user=admin ip=::1 sid=ejlcsikq2nsdk0edtm700fg419 case_id=51 action="Accessed Parser Logs" page=parser_logs.php hmac=04feeccc9e71e0a26642e42f9c9e7f488be1183e2fb6e35d6be5c8ecd0d9afbc
[2026-04-18 09:11:09] eid=0bb18a991e3c8a9b user=admin ip=::1 sid=ejlcsikq2nsdk0edtm700fg419 case_id=51 action="Accessed Parser Logs" page=parser_logs.php hmac=8d1706e101809c878ae3b606ee944e5bf233711a0c07c863e0cea52008549a0b
[2026-04-18 09:11:14] eid=76deea582f3fd3b8 user=admin ip=::1 sid=ejlcsikq2nsdk0edtm700fg419 case_id=51 action="Accessed Parser Logs" page=parser_logs.php hmac=0b33c7e5d6f84e4e41f01a3dedabba26a63e6852cc21c371cfe46714bf253af3
[2026-04-18 09:11:34] eid=f11e2023efb0e2b4 user=admin ip=::1 sid=ejlcsikq2nsdk0edtm700fg419 case_id=51 action="Accessed Parser Logs" page=parser_logs.php hmac=f630e2c105621d8d2fe7b22248060c183ac1ba79ec20b73fda136f2eaf274c26
[2026-04-18 09:11:37] eid=722a6fc2130638cf user=admin ip=::1 sid=ejlcsikq2nsdk0edtm700fg419 case_id=51 action="Accessed Parser Logs" page=parser_logs.php hmac=64f2440d6c15527853ab723f3008106665c4feca121f96987055a80d6b67e6aa
[2026-04-18 09:11:42] eid=9d61a976058c5765 user=admin ip=::1 sid=ejlcsikq2nsdk0edtm700fg419 case_id=51 action="Accessed Parser Logs" page=parser_logs.php hmac=b21f1b0bc2f20f7b626fac2fcd2ffe8afda50925635be261d30c732984c35a9d
[2026-04-18 09:11:43] eid=803ce6528116ab4f user=admin ip=::1 sid=ejlcsikq2nsdk0edtm700fg419 case_id=51 action="User Accessed Evidence Page" page=evidence.php hmac=307f47f3e95635e029ac64f3e51cd895642dcaaf71789f75446914548a7d78e5
[2026-04-18 09:11:47] eid=2e9f9ecdffeebf85 user=admin ip=::1 sid=ejlcsikq2nsdk0edtm700fg419 case_id=51 action="User Accessed Autopsy Analysis" page=autopsy_analysis.php hmac=3c830606915916e00b7ba665e3c929c9b826a2c2a89f0e830b5b8c91c89bdf88
[2026-04-18 09:11:50] eid=21c9958e70ad8152 user=admin ip=::1 sid=ejlcsikq2nsdk0edtm700fg419 case_id=51 action="User Accessed Autopsy Analysis" page=autopsy_analysis.php hmac=aa2623f9c1a18561620a8df0452ce6ff28092d85ac6b05e84c2bfe9bc0dddc8c
[2026-04-18 09:11:50] eid=3bde3b424e08003c user=admin ip=::1 sid=ejlcsikq2nsdk0edtm700fg419 case_id=51 action="User Accessed Autopsy Analysis" page=autopsy_analysis.php hmac=d386e598f65452d69c5aa0d7391358981819f7dc54559d12ffcd8261dabced82
[2026-04-18 09:11:55] eid=8968cae296517248 user=admin ip=::1 sid=ejlcsikq2nsdk0edtm700fg419 case_id=51 action="Accessed Parser Logs" page=parser_logs.php hmac=a537983d88e8183146a359ea092347a2e9bc09fc4ecafe2cf0117f2e962732cb
[2026-04-18 09:12:00] eid=b8c36686946c156c user=admin ip=::1 sid=ejlcsikq2nsdk0edtm700fg419 case_id=51 action="Accessed Parser Logs" page=parser_logs.php hmac=d4b4b432e7063712dd4403064f7e331cad4bde2fb09a103d8dc71e23f7f808a5
[2026-04-18 09:12:05] eid=504934831594d543 user=admin ip=::1 sid=ejlcsikq2nsdk0edtm700fg419 case_id=51 action="Accessed Parser Logs" page=parser_logs.php hmac=81d6a6e3516166490e9908450f2d6e8ab35c3d14ff3c71cf88fd15d155aeb383
[2026-04-18 09:12:10] eid=721b874693597d1a user=admin ip=::1 sid=ejlcsikq2nsdk0edtm700fg419 case_id=51 action="Accessed Parser Logs" page=parser_logs.php hmac=aca7406238d510d2daa34bb62085564604f4f8f9380a623d8e667f587ed83216
[2026-04-18 09:12:15] eid=79eedca2a0b4690d user=admin ip=::1 sid=ejlcsikq2nsdk0edtm700fg419 case_id=51 action="Accessed Parser Logs" page=parser_logs.php hmac=c28e6ab0d981fdefd3a7568c8750f37ba71f4931beb4101a58b1f2a08ef0d1f5
[2026-04-18 09:12:20] eid=6815d2cd3ed9dd57 user=admin ip=::1 sid=ejlcsikq2nsdk0edtm700fg419 case_id=51 action="Accessed Parser Logs" page=parser_logs.php hmac=b8f61479bab07f2d54292ed9997bfae19cc09318bae6447ed69ce4e44bf4a975
[2026-04-18 09:12:25] eid=3e993467e0dbb151 user=admin ip=::1 sid=ejlcsikq2nsdk0edtm700fg419 case_id=51 action="Accessed Parser Logs" page=parser_logs.php hmac=853124dfb909c4cea8c3694b8355bb0752a3e100d831c99a258c06ebb17db0e3
[2026-04-18 09:12:30] eid=e4f8e0eccbb85d00 user=admin ip=::1 sid=ejlcsikq2nsdk0edtm700fg419 case_id=51 action="Accessed Parser Logs" page=parser_logs.php hmac=c2e25f4c32f91056f7a0bf5ab65ff1b30dc2ff73fd79493be3a2747f04760d5a
[2026-04-18 09:12:35] eid=12f456029da0df2d user=admin ip=::1 sid=ejlcsikq2nsdk0edtm700fg419 case_id=51 action="Accessed Parser Logs" page=parser_logs.php hmac=2c6564b62fc97f3d590915407a5a152fa9a73bb1533b7a6ddf90e73fcd18e655
[2026-04-18 09:12:40] eid=13c28a9e12c7c087 user=admin ip=::1 sid=ejlcsikq2nsdk0edtm700fg419 case_id=51 action="Accessed Parser Logs" page=parser_logs.php hmac=14762eea8be246d4378777b5f8de12d01325abdaffef771b449d79a4f36dfe4c
[2026-04-18 09:12:45] eid=4d0c39a6570951b2 user=admin ip=::1 sid=ejlcsikq2nsdk0edtm700fg419 case_id=51 action="Accessed Parser Logs" page=parser_logs.php hmac=7cb05a42b93f54bc5dc42f058ff37881a64e1601a39bd988620d4b1329a42df8
[2026-04-18 09:12:50] eid=00234a5d057ece9c user=admin ip=::1 sid=ejlcsikq2nsdk0edtm700fg419 case_id=51 action="Accessed Parser Logs" page=parser_logs.php hmac=7eee993eec9390f1c200843e0ece0662d103fe6b0c3a206daf93f314de373e2e
[2026-04-18 09:12:55] eid=fbee9ac65c8ace25 user=admin ip=::1 sid=ejlcsikq2nsdk0edtm700fg419 case_id=51 action="Accessed Parser Logs" page=parser_logs.php hmac=de755d5f0fb5bfb367c6fdadd5130b847ecdc60dfd9abea95bf8f2f5c0e0f0cf
[2026-04-18 09:13:00] eid=bb7958b44caa1224 user=admin ip=::1 sid=ejlcsikq2nsdk0edtm700fg419 case_id=51 action="Accessed Parser Logs" page=parser_logs.php hmac=ce1c9e28777fcb592919828b2c4e16bebe468b2150ff1068bf0889d201555cb4
[2026-04-18 09:13:05] eid=11ebe508aca9e284 user=admin ip=::1 sid=ejlcsikq2nsdk0edtm700fg419 case_id=51 action="Accessed Parser Logs" page=parser_logs.php hmac=1d7ff2c376ad65bddb27395519ee8d755cc8542bc6ec036ad7dac6174cf3a279
[2026-04-18 09:13:10] eid=c521cc3e4f6bd41a user=admin ip=::1 sid=ejlcsikq2nsdk0edtm700fg419 case_id=51 action="Accessed Parser Logs" page=parser_logs.php hmac=04e8d3e7c479dfde559590974845fffe18f75788fb6804dcc4feaf718eb81651
[2026-04-18 09:13:15] eid=c2a226e13fd58fa2 user=admin ip=::1 sid=ejlcsikq2nsdk0edtm700fg419 case_id=51 action="Accessed Parser Logs" page=parser_logs.php hmac=584b97a34bb91d464a3a7e0d6b24841563e7622dbe8e53a2045c56e31f34b322
[2026-04-18 09:13:20] eid=1ad0fed793bf59d9 user=admin ip=::1 sid=ejlcsikq2nsdk0edtm700fg419 case_id=51 action="Accessed Parser Logs" page=parser_logs.php hmac=75418435f4e402da46a589567f9e9b603af427f36399bf5625086cc67b5fbf63
[2026-04-18 09:13:25] eid=be885797b5e027eb user=admin ip=::1 sid=ejlcsikq2nsdk0edtm700fg419 case_id=51 action="Accessed Parser Logs" page=parser_logs.php hmac=5ea3fbe85f2f9540ffce3f3bfeb2fc632d9ca7fa62d913d3443394caddb18e2c
[2026-04-18 09:13:30] eid=4a2159bc449584de user=admin ip=::1 sid=ejlcsikq2nsdk0edtm700fg419 case_id=51 action="Accessed Parser Logs" page=parser_logs.php hmac=7e897ae2f2fbd5d2435a0464512dc282bed43f11f0ff47277b6a7276e64038b3
[2026-04-18 09:13:35] eid=df99cdf559fdd0f1 user=admin ip=::1 sid=ejlcsikq2nsdk0edtm700fg419 case_id=51 action="Accessed Parser Logs" page=parser_logs.php hmac=97925b4088b7286ab12d374fda4102b2f24219e565cb8e470db4f7306268ae0c
[2026-04-18 09:13:41] eid=16413fdff127989c user=admin ip=::1 sid=ejlcsikq2nsdk0edtm700fg419 case_id=51 action="Accessed Parser Logs" page=parser_logs.php hmac=3100cb8bd9ab883f002b3a303604b0b00a4be9c7d8d80d32996bf61280b9f9f8
[2026-04-18 09:13:43] eid=daed9a2e934714d4 user=admin ip=::1 sid=ejlcsikq2nsdk0edtm700fg419 case_id=51 action="User Accessed Evidence Page" page=evidence.php hmac=7e906e93167486c9e22e0f8f70404f204871521a7de1491d0e01f635f852bdbe
[2026-04-18 09:13:46] eid=7701f25a16ac198f user=admin ip=::1 sid=ejlcsikq2nsdk0edtm700fg419 case_id=51 action="User Accessed Autopsy Analysis" page=autopsy_analysis.php hmac=6971997bc74b01725d2ebf202cfe9ff8d4cdbf73d6043889a1aeb1b942dc0633
[2026-04-18 09:13:49] eid=58ca3e3e433b353c user=admin ip=::1 sid=ejlcsikq2nsdk0edtm700fg419 case_id=51 action="User Accessed Autopsy Analysis" page=autopsy_analysis.php hmac=e288a0281d3ed7bb66cecc7626d2c7d07ba0ffb5d1ca8dc611b61d3bd48380ba
[2026-04-18 09:13:49] eid=1d7261d1324e539a user=admin ip=::1 sid=ejlcsikq2nsdk0edtm700fg419 case_id=51 action="User Accessed Autopsy Analysis" page=autopsy_analysis.php hmac=e300fe2977add3b3b1b9a0183ea2414f229f598731b9473b790dc99a33e8faa1
[2026-04-18 09:13:53] eid=6dbbc378f90ce3e0 user=admin ip=::1 sid=ejlcsikq2nsdk0edtm700fg419 case_id=51 action="Accessed Parser Logs" page=parser_logs.php hmac=01e29dd3139d4b8ae85bc8c2e4bfa6c16feb9657f53023ef55de7e308aabba11
[2026-04-18 09:13:58] eid=1e1481f5cdef9b8a user=admin ip=::1 sid=ejlcsikq2nsdk0edtm700fg419 case_id=51 action="Accessed Parser Logs" page=parser_logs.php hmac=fae4f6c92856c99d2de472d08e5e3defbf3ef654547dd63724a485eafbfc78d1
[2026-04-18 09:14:03] eid=c20be7d896de524d user=admin ip=::1 sid=ejlcsikq2nsdk0edtm700fg419 case_id=51 action="Accessed Parser Logs" page=parser_logs.php hmac=25670752f04b4b0b66285657191582d0d351f4165620e837d10d131ca0996377
[2026-04-18 09:14:08] eid=af162d01dbec289a user=admin ip=::1 sid=ejlcsikq2nsdk0edtm700fg419 case_id=51 action="Accessed Parser Logs" page=parser_logs.php hmac=101f8b18860e806f32b9b7c2aafa7597e0d56b6ccf88e6689ede6ab73d4633a2
[2026-04-18 09:14:13] eid=26aa3de744a77b54 user=admin ip=::1 sid=ejlcsikq2nsdk0edtm700fg419 case_id=51 action="Accessed Parser Logs" page=parser_logs.php hmac=f355031fa98e0366846a4e921ce848814df3c124d159695298bf50eb39bc887a
[2026-04-18 09:14:18] eid=db43e34eefb7c231 user=admin ip=::1 sid=ejlcsikq2nsdk0edtm700fg419 case_id=51 action="Accessed Parser Logs" page=parser_logs.php hmac=1f994618efb6ade36d89a2bdb2a931c348cc079af877bc252e20698cd391b925
[2026-04-18 09:14:23] eid=f6b8a0457861d763 user=admin ip=::1 sid=ejlcsikq2nsdk0edtm700fg419 case_id=51 action="Accessed Parser Logs" page=parser_logs.php hmac=085a15a9ec9f11be1d8718918b833751a0b1aa480e430cc73bc950f6ef63975d
[2026-04-18 09:14:28] eid=27b0efae3ab054a8 user=admin ip=::1 sid=ejlcsikq2nsdk0edtm700fg419 case_id=51 action="Accessed Parser Logs" page=parser_logs.php hmac=7d73320c36b2d38fd66e2830e9b2761751655a9b746643ec92f830c7a61a9d29
[2026-04-18 09:14:33] eid=26dfd9028f691c87 user=admin ip=::1 sid=ejlcsikq2nsdk0edtm700fg419 case_id=51 action="Accessed Parser Logs" page=parser_logs.php hmac=151bae13ea74d90b48b73698ce5f31676604e30240a59d58d2bc2e590cff1e4b
[2026-04-18 09:14:38] eid=e69ccd56e0ead469 user=admin ip=::1 sid=ejlcsikq2nsdk0edtm700fg419 case_id=51 action="Accessed Parser Logs" page=parser_logs.php hmac=17356487296db384df192c4dbf31d38129291d07c2ca7e4ef6bdeaa8c89e3060
[2026-04-18 09:14:43] eid=39ee9cedbf4997a7 user=admin ip=::1 sid=ejlcsikq2nsdk0edtm700fg419 case_id=51 action="Accessed Parser Logs" page=parser_logs.php hmac=1f10333d16f731460c41a4e675438118dfc3682cb5a7030945b61aac628a65d3
[2026-04-18 09:14:48] eid=bff47e7a4afa8b1d user=admin ip=::1 sid=ejlcsikq2nsdk0edtm700fg419 case_id=51 action="Accessed Parser Logs" page=parser_logs.php hmac=e171d985b2725ce7e5f597c4253ed9898b92a806cf38d2848e223a06248c27a4
[2026-04-18 09:14:53] eid=5a95cc4ffab6c3b6 user=admin ip=::1 sid=ejlcsikq2nsdk0edtm700fg419 case_id=51 action="Accessed Parser Logs" page=parser_logs.php hmac=0ceb3544517e8fefff52be63720e4264f7b21656b263a28e5ac72d14177f2819
[2026-04-18 09:14:58] eid=55bb49462baf91c2 user=admin ip=::1 sid=ejlcsikq2nsdk0edtm700fg419 case_id=51 action="Accessed Parser Logs" page=parser_logs.php hmac=d1565f2c8fa93d9db3659dda1670c12a4027ccf415343ac4688516aa9a7161d2
[2026-04-18 09:15:03] eid=98b555ff87a1b967 user=admin ip=::1 sid=ejlcsikq2nsdk0edtm700fg419 case_id=51 action="Accessed Parser Logs" page=parser_logs.php hmac=94c5d31639df3cd1caa4a7d6c87817d38e8287a036491f6c39891261a610ba74
[2026-04-18 09:15:08] eid=fc31337b9f667603 user=admin ip=::1 sid=ejlcsikq2nsdk0edtm700fg419 case_id=51 action="Accessed Parser Logs" page=parser_logs.php hmac=5bcf8f539506fc04167b9b57e211382c1bd56849ecf6e7f248408c3130807e15
[2026-04-18 09:15:50] eid=f2133a740c4ed4b7 user=admin ip=::1 sid=ejlcsikq2nsdk0edtm700fg419 case_id=51 action="Accessed Parser Logs" page=parser_logs.php hmac=ff932deb68a8d085ccb9be1c691b3481d912a587766d5eb452c4cd95a5cda3d3
[2026-04-18 09:15:52] eid=768206fb3be51f51 user=admin ip=::1 sid=ejlcsikq2nsdk0edtm700fg419 case_id=51 action="User Accessed Evidence Page" page=evidence.php hmac=6d17b32aa9cfc24e38bd09151c003bc2e249dba463a9df81f4eb3c9e9df484d3
[2026-04-18 09:15:54] eid=caf66bc3c08df69b user=admin ip=::1 sid=ejlcsikq2nsdk0edtm700fg419 case_id=51 action="User Accessed Autopsy Analysis" page=autopsy_analysis.php hmac=9439563c993f87f842acdc7287b8e0e36de053d6ea796ab3758ee70f56df81b5
[2026-04-18 09:15:57] eid=e40c6235c35264a7 user=admin ip=::1 sid=ejlcsikq2nsdk0edtm700fg419 case_id=51 action="User Accessed Autopsy Analysis" page=autopsy_analysis.php hmac=db743486002ce7096587d12435844365fcdece1f94ed74dc9c919a62be297dda
[2026-04-18 09:15:57] eid=3acddafb75c6e8f8 user=admin ip=::1 sid=ejlcsikq2nsdk0edtm700fg419 case_id=51 action="User Accessed Autopsy Analysis" page=autopsy_analysis.php hmac=0c7c0f8f072fbaac8a642221236ba3f1667a9949273b285755e95b8128261e28
[2026-04-18 09:16:04] eid=db0ce059cef71534 user=admin ip=::1 sid=ejlcsikq2nsdk0edtm700fg419 case_id=51 action="Accessed Parser Logs" page=parser_logs.php hmac=6c8743d0362375753869de7d9a4718f256136a59de9afd2052182ebf790f88bd
[2026-04-18 09:16:09] eid=59cc63da6454fcc5 user=admin ip=::1 sid=ejlcsikq2nsdk0edtm700fg419 case_id=51 action="Accessed Parser Logs" page=parser_logs.php hmac=504af4453fc5854bab3b95f06536dbce8238dbbb68d37fa60eb9e7bef0cd5eb0
[2026-04-18 09:16:14] eid=7dd6c0b05baea430 user=admin ip=::1 sid=ejlcsikq2nsdk0edtm700fg419 case_id=51 action="Accessed Parser Logs" page=parser_logs.php hmac=4beca8f5d11b680eff6b75ac9544c4dc308e0491354474a7beec70264eea7eba
[2026-04-18 09:16:19] eid=11b7c1e02a5f8eb4 user=admin ip=::1 sid=ejlcsikq2nsdk0edtm700fg419 case_id=51 action="Accessed Parser Logs" page=parser_logs.php hmac=ce649e6e705a73a5d694437f425bb8cd9f20cf5a5b09955c43e24416d193747e
[2026-04-18 09:16:24] eid=3f7b75d36662da19 user=admin ip=::1 sid=ejlcsikq2nsdk0edtm700fg419 case_id=51 action="Accessed Parser Logs" page=parser_logs.php hmac=597dd01ccd35cedf8113de8cf08ca9249bb5987541611564993e818259883f9e
[2026-04-18 09:16:29] eid=15028c22323eca26 user=admin ip=::1 sid=ejlcsikq2nsdk0edtm700fg419 case_id=51 action="Accessed Parser Logs" page=parser_logs.php hmac=ae4831aff684add0b5d9ee721370182cec8093b3f6aa94ebfadd268da04bfe11
[2026-04-18 09:16:34] eid=a19e368ede443a55 user=admin ip=::1 sid=ejlcsikq2nsdk0edtm700fg419 case_id=51 action="Accessed Parser Logs" page=parser_logs.php hmac=3ac7879af95d85fc002dbcddee2c186b3474c4d7d8f82e3d7360f7ccbf1cb9ed
[2026-04-18 09:16:39] eid=cc6e5af36a6be193 user=admin ip=::1 sid=ejlcsikq2nsdk0edtm700fg419 case_id=51 action="Accessed Parser Logs" page=parser_logs.php hmac=2c8f0af811b170e1d289a291d686d9ebbff8101c3ac8cd942bfc4d4e03bc24f7
[2026-04-18 09:16:44] eid=232e0b11f249f3d7 user=admin ip=::1 sid=ejlcsikq2nsdk0edtm700fg419 case_id=51 action="Accessed Parser Logs" page=parser_logs.php hmac=440723a005f3fa097b15dca1c1ee25359dc60f802947cd4612c29351f79c6284
[2026-04-18 09:16:49] eid=f57706b5b23795b4 user=admin ip=::1 sid=ejlcsikq2nsdk0edtm700fg419 case_id=51 action="Accessed Parser Logs" page=parser_logs.php hmac=5e55f54a11f7c212800cb4bfd63f88538c734472595cfecb3a237aef92f7cc32
[2026-04-18 09:16:54] eid=10a87be9d07bb367 user=admin ip=::1 sid=ejlcsikq2nsdk0edtm700fg419 case_id=51 action="Accessed Parser Logs" page=parser_logs.php hmac=cc51d05e723e2480b14ff67c1a0fc03f599735c73e77a9927031cf0d9b9a4082
[2026-04-18 09:16:59] eid=18cbe80aba0e765f user=admin ip=::1 sid=ejlcsikq2nsdk0edtm700fg419 case_id=51 action="Accessed Parser Logs" page=parser_logs.php hmac=3de3ad3f2585bba0686171c12eb03ce38acb420aea224c27440478ad5fd65e44
[2026-04-18 09:17:04] eid=106c7db310366416 user=admin ip=::1 sid=ejlcsikq2nsdk0edtm700fg419 case_id=51 action="Accessed Parser Logs" page=parser_logs.php hmac=847a295f58393c7b76d9f9517bb670fff1492e9e04059a82b457cc3616f14b36
[2026-04-18 09:17:09] eid=eaeed3e5b94007f5 user=admin ip=::1 sid=ejlcsikq2nsdk0edtm700fg419 case_id=51 action="Accessed Parser Logs" page=parser_logs.php hmac=17e18fddac5f335f978c4bebe60a7552f0f6b48b805e6181392cabc0e6938c76
[2026-04-18 09:17:14] eid=2c4c04d19bfe7d13 user=admin ip=::1 sid=ejlcsikq2nsdk0edtm700fg419 case_id=51 action="Accessed Parser Logs" page=parser_logs.php hmac=adabdda273f4fc7dd483bc323dc1a0cad7c71424cacf14abfb4bb46f7f6c0d93
[2026-04-18 09:17:19] eid=23de0f85c9bdb2e8 user=admin ip=::1 sid=ejlcsikq2nsdk0edtm700fg419 case_id=51 action="Accessed Parser Logs" page=parser_logs.php hmac=a890a70c9999c0fdafd8671bfdf6263db3dac2ae40603ed91a46ea56054ed05b
[2026-04-18 09:17:24] eid=98ecefa534a3dcb2 user=admin ip=::1 sid=ejlcsikq2nsdk0edtm700fg419 case_id=51 action="Accessed Parser Logs" page=parser_logs.php hmac=a36d614a7d8eec115206f65f06ef8a287a2c8a273d9e3ae72efb8b127029a8a8
[2026-04-18 09:17:29] eid=4feefaff9deabe2c user=admin ip=::1 sid=ejlcsikq2nsdk0edtm700fg419 case_id=51 action="Accessed Parser Logs" page=parser_logs.php hmac=08c22948951cca44364e4ee580fd157244f192391fa387885f2746bcac8f3820
[2026-04-18 09:17:34] eid=27c37355f872865a user=admin ip=::1 sid=ejlcsikq2nsdk0edtm700fg419 case_id=51 action="Accessed Parser Logs" page=parser_logs.php hmac=53fe7270b3468ff69ffb9b2a1ad8d394190108baf5d4c330ad2ddc0d0f774c74
[2026-04-18 09:17:39] eid=339c2f12c51997bb user=admin ip=::1 sid=ejlcsikq2nsdk0edtm700fg419 case_id=51 action="Accessed Parser Logs" page=parser_logs.php hmac=e39e0bcf0361d8d0e460ef8b4a2e3cd15a7b338027667c7dbab8bcdc5e0b3b5e
[2026-04-18 09:17:44] eid=eec2f8ad2663b1b0 user=admin ip=::1 sid=ejlcsikq2nsdk0edtm700fg419 case_id=51 action="Accessed Parser Logs" page=parser_logs.php hmac=5cab50ca47f2017036406911c76cb25978e78f6aa500886cad1f395d033aede7
[2026-04-18 09:17:49] eid=8040aba895120605 user=admin ip=::1 sid=ejlcsikq2nsdk0edtm700fg419 case_id=51 action="Accessed Parser Logs" page=parser_logs.php hmac=e9370cff3b647518bc4d6f9da94c27fb63a34acdf063bd35d64b4e4a052460fa
[2026-04-18 09:17:54] eid=a042f8c374fc44fa user=admin ip=::1 sid=ejlcsikq2nsdk0edtm700fg419 case_id=51 action="Accessed Parser Logs" page=parser_logs.php hmac=6d375a5a69baf78fde52b9231617e9a707fd734d6569a4a68154e9d3f735e3bf
[2026-04-18 09:18:57] eid=99bbe002227252ea user=admin ip=::1 sid=ejlcsikq2nsdk0edtm700fg419 case_id=51 action="Accessed Parser Logs" page=parser_logs.php hmac=93ec6a833a94610918b8ccbc5600bdf67d384785432d4ec2fb57e7db0651b94f
[2026-04-18 09:19:38] eid=17813a30801a0413 user=admin ip=::1 sid=ejlcsikq2nsdk0edtm700fg419 case_id=51 action="Accessed Parser Logs" page=parser_logs.php hmac=458896231f4c292b5662a18d201e30aba7cdadea8700864583bff9d22e9c88a5
[2026-04-18 09:19:39] eid=054b530f9299307b user=admin ip=::1 sid=ejlcsikq2nsdk0edtm700fg419 case_id=51 action="Accessed Parser Logs" page=parser_logs.php hmac=a2ed87ae1456917373856dc953a0c829a7dd782e5b46ee13dfd764a94d29a488
[2026-04-18 09:19:44] eid=c97675d47e0668b3 user=admin ip=::1 sid=ejlcsikq2nsdk0edtm700fg419 case_id=51 action="Accessed Parser Logs" page=parser_logs.php hmac=4d87e9e76f1152b3336c345bd5747c5e8767b0f024e8c6af845fb9dd32c64858
[2026-04-18 09:19:49] eid=de56919315530e42 user=admin ip=::1 sid=ejlcsikq2nsdk0edtm700fg419 case_id=51 action="Accessed Parser Logs" page=parser_logs.php hmac=0cf9ec267271a8f98c6d28f47f4c38c786176f487eab00c367678d39f9db53ad
[2026-04-18 09:19:54] eid=6b9d97324fc6d31d user=admin ip=::1 sid=ejlcsikq2nsdk0edtm700fg419 case_id=51 action="Accessed Parser Logs" page=parser_logs.php hmac=1e61175ecd2a82488a3c1b47ceb87ec6c6af45f742cc3cffbcdd2ebad3962ea4
[2026-04-18 09:19:59] eid=4917163ed5fc7306 user=admin ip=::1 sid=ejlcsikq2nsdk0edtm700fg419 case_id=51 action="Accessed Parser Logs" page=parser_logs.php hmac=7e033873e3a2010a4e1b2ac07644c1c1e5c1cace2c529897c3acec532ed9d11c
[2026-04-18 09:20:04] eid=b499035cb65bb465 user=admin ip=::1 sid=ejlcsikq2nsdk0edtm700fg419 case_id=51 action="Accessed Parser Logs" page=parser_logs.php hmac=3a68fb8552337af90a2614094b3685e4c5b822759891d828f76ea406d9153782
[2026-04-18 09:20:09] eid=95cf3709fd3a7727 user=admin ip=::1 sid=ejlcsikq2nsdk0edtm700fg419 case_id=51 action="Accessed Parser Logs" page=parser_logs.php hmac=0fc449bf1dcbea3448d8eb68a9accc384d903ca510a2191b300e0fd89d25b622
[2026-04-18 09:20:14] eid=bbd4e2be70951528 user=admin ip=::1 sid=ejlcsikq2nsdk0edtm700fg419 case_id=51 action="Accessed Parser Logs" page=parser_logs.php hmac=66387714dbb51e7a400930014bccbc0b97a98fa843f103c5feaebcb91b5cc3a6
[2026-04-18 09:20:19] eid=c95319890b5ef20c user=admin ip=::1 sid=ejlcsikq2nsdk0edtm700fg419 case_id=51 action="Accessed Parser Logs" page=parser_logs.php hmac=70574a5f2ecde891c5e766faadf11f8915ec5585ca8a4bb7bc3bcef6e9d9c6c9
[2026-04-18 09:20:24] eid=ca06e4ee173bada2 user=admin ip=::1 sid=ejlcsikq2nsdk0edtm700fg419 case_id=51 action="Accessed Parser Logs" page=parser_logs.php hmac=87694187ddb91a44705411464a32506ff9227042f18d7619cbab6c855d6537fe
[2026-04-18 09:20:29] eid=f1d8fb9249319ec1 user=admin ip=::1 sid=ejlcsikq2nsdk0edtm700fg419 case_id=51 action="Accessed Parser Logs" page=parser_logs.php hmac=19e03d4206b4283b69548f291ef903055e9f978ca48b9f232a47fc15274cdb10
[2026-04-18 09:20:34] eid=6937d7741982ca61 user=admin ip=::1 sid=ejlcsikq2nsdk0edtm700fg419 case_id=51 action="Accessed Parser Logs" page=parser_logs.php hmac=41e4c2b17bb7d0cab5b7d4e5d1359ff7d903378b3316b31818743d7335f299ca
[2026-04-18 09:20:39] eid=19bfd595fc1bee7c user=admin ip=::1 sid=ejlcsikq2nsdk0edtm700fg419 case_id=51 action="Accessed Parser Logs" page=parser_logs.php hmac=8105e75e5c791b75df554a505c1c52c2f58dabd5fc7cafb3890529233ff52bc1
[2026-04-18 09:20:57] eid=07e53a052f2c5e0e user=admin ip=::1 sid=ejlcsikq2nsdk0edtm700fg419 case_id=51 action="Accessed Parser Logs" page=parser_logs.php hmac=945461a899dc70b9686f54b6af104b97e2a0e235a8c6be60aa048431e0df551e
[2026-04-18 09:21:57] eid=f421f1386d6830f8 user=admin ip=::1 sid=ejlcsikq2nsdk0edtm700fg419 case_id=51 action="Accessed Parser Logs" page=parser_logs.php hmac=6341b73d598601b1896ea5c0c5cb8ad2d2973bdd4b100f20bd57002249d87f7b
[2026-04-18 09:22:57] eid=5b33122b6fd09b76 user=admin ip=::1 sid=ejlcsikq2nsdk0edtm700fg419 case_id=51 action="Accessed Parser Logs" page=parser_logs.php hmac=dc10ab50cca15e954e24f8eb924f5a8a70aa845126d70ddfbaa6a3908feb6c48
[2026-04-18 09:23:57] eid=18dc42540fd7800f user=admin ip=::1 sid=ejlcsikq2nsdk0edtm700fg419 case_id=51 action="Accessed Parser Logs" page=parser_logs.php hmac=402ff53d98dedb2b8b7a1c9bf0c18a4412bcba648cc2fa9d3ea2eadfc76a25b8
[2026-04-18 09:24:38] eid=cd6ffae64bbb2a16 user=admin ip=::1 sid=ejlcsikq2nsdk0edtm700fg419 case_id=51 action="Accessed Parser Logs" page=parser_logs.php hmac=3768e43d831d8510e65e041de0ee198d3d458aef7ff185d176ca04bf34d0a8c3
[2026-04-18 09:24:39] eid=2cad3ae2b9304f45 user=admin ip=::1 sid=ejlcsikq2nsdk0edtm700fg419 case_id=51 action="Accessed Parser Logs" page=parser_logs.php hmac=22cf3f85a26f55e838d51b9959feb12d971d572f2b5c46fc56a62a44ef40b8a0
[2026-04-18 09:24:43] eid=40a30cc0ad9810c9 user=admin ip=::1 sid=ejlcsikq2nsdk0edtm700fg419 case_id=51 action="User Accessed Volatility Analysis" page=volatility_analysis.php hmac=d6137809c16046ac8a3833507bff6a7c994bedf31af3b98d0d46b4f581e524fd
[2026-04-18 09:24:45] eid=b297d8479e9e5b2d user=admin ip=::1 sid=ejlcsikq2nsdk0edtm700fg419 case_id=51 action="User Accessed Autopsy Analysis" page=autopsy_analysis.php hmac=e40eae5593bfbc792dfb624a5014a7da397e79e7153335cc1e84feefd5035627
[2026-04-18 09:24:48] eid=55a43918fbe3a014 user=admin ip=::1 sid=ejlcsikq2nsdk0edtm700fg419 case_id=51 action="User Accessed Autopsy Analysis" page=autopsy_analysis.php hmac=f1060b588082e3b7a065edee14338ecc0735f130b39a5f7f424565c02191b048
[2026-04-18 09:24:49] eid=3756537d3db59e13 user=admin ip=::1 sid=ejlcsikq2nsdk0edtm700fg419 case_id=51 action="User Accessed Autopsy Analysis" page=autopsy_analysis.php hmac=234276b4053694823edff19e1bcd96a7db057b5510ab814e95c57579fc56b576
[2026-04-18 09:24:51] eid=db914b7e75dd1f5c user=admin ip=::1 sid=ejlcsikq2nsdk0edtm700fg419 case_id=51 action="Accessed Parser Logs" page=parser_logs.php hmac=bb1288b104db23dbbe7adc34cb395ebf7e0b93f2e6b2a54c4c59b0bcab3d73c4
[2026-04-18 09:24:57] eid=c528cf105e0b6577 user=admin ip=::1 sid=ejlcsikq2nsdk0edtm700fg419 case_id=51 action="Accessed Parser Logs" page=parser_logs.php hmac=b212fc2889b57d0c992a1b451826d47abb61884158f9dd87c1d9f707c2814cd7
[2026-04-18 09:25:02] eid=ddc95f6f1b20ff92 user=admin ip=::1 sid=ejlcsikq2nsdk0edtm700fg419 case_id=51 action="Accessed Parser Logs" page=parser_logs.php hmac=0d9e351111a28b66fb8595a143498e181b4a1861b64aa630532eb0f016b38a8a
[2026-04-18 09:25:07] eid=61f35a635e434d6b user=admin ip=::1 sid=ejlcsikq2nsdk0edtm700fg419 case_id=51 action="Accessed Parser Logs" page=parser_logs.php hmac=83948dcc24c5f9b66961ae7b7fc576a412fc42429d9d2bf6f1d851ac09afd509
[2026-04-18 09:25:12] eid=747312bcb7792eb4 user=admin ip=::1 sid=ejlcsikq2nsdk0edtm700fg419 case_id=51 action="Accessed Parser Logs" page=parser_logs.php hmac=5ea46b3ad849907536e21b286c5a38bfab184c3aba3f0ea2e4e6e864b9856a9b
[2026-04-18 09:25:17] eid=e851cdeba51606a1 user=admin ip=::1 sid=ejlcsikq2nsdk0edtm700fg419 case_id=51 action="Accessed Parser Logs" page=parser_logs.php hmac=9c3162c6b6dbaa97cc47f133f0d3cadede689a3170f905e7b4d089f2112ffb56
[2026-04-18 09:25:22] eid=d23b1ed28774ffd2 user=admin ip=::1 sid=ejlcsikq2nsdk0edtm700fg419 case_id=51 action="Accessed Parser Logs" page=parser_logs.php hmac=bcd6a6e43cbb378a5acef0faa6ef47b47bed3f1059e564de3bcfacf046625ee0
[2026-04-18 09:25:27] eid=9b72d4b0318e85ef user=admin ip=::1 sid=ejlcsikq2nsdk0edtm700fg419 case_id=51 action="Accessed Parser Logs" page=parser_logs.php hmac=a1013514172f2cd78c09d0fe93230a52f6ad967fe840bbe86752523543451601
[2026-04-18 09:25:32] eid=e772de9e0d718234 user=admin ip=::1 sid=ejlcsikq2nsdk0edtm700fg419 case_id=51 action="Accessed Parser Logs" page=parser_logs.php hmac=f8bfbcce6e66e25027043a62759759951444f73e07ad95b093506bedc0232cf4
[2026-04-18 09:25:37] eid=0bcd06f80d89870e user=admin ip=::1 sid=ejlcsikq2nsdk0edtm700fg419 case_id=51 action="Accessed Parser Logs" page=parser_logs.php hmac=9acfdca852ca971b84e3609087462e880e95e84579a3cb207c72bb4036f6d14e
[2026-04-18 09:25:42] eid=e3f851e45c1eda18 user=admin ip=::1 sid=ejlcsikq2nsdk0edtm700fg419 case_id=51 action="Accessed Parser Logs" page=parser_logs.php hmac=ef8fb513f09ed9cce738335a4d8202e67254c2e4f46040b7b993c8fd80a0f25e
[2026-04-18 09:25:47] eid=ed32dd1af7259b47 user=admin ip=::1 sid=ejlcsikq2nsdk0edtm700fg419 case_id=51 action="Accessed Parser Logs" page=parser_logs.php hmac=c0f688bce1bf04c32e1a3214d452e37bcf29fa4bbb411dcb32145425d5dd385b
[2026-04-18 09:25:52] eid=2bd62a58b25526cd user=admin ip=::1 sid=ejlcsikq2nsdk0edtm700fg419 case_id=51 action="Accessed Parser Logs" page=parser_logs.php hmac=af3c3d30cc7b3f4247a6ba1e5b70cd0435a39bfdfe3c56d642ef19b0e2a1486c
[2026-04-18 09:25:57] eid=d17d0658261dd5b4 user=admin ip=::1 sid=ejlcsikq2nsdk0edtm700fg419 case_id=51 action="Accessed Parser Logs" page=parser_logs.php hmac=a39a744c499658f9c04fb99d029142de703668cd4f1c7ee6777024c80d839b9d
[2026-04-18 09:26:02] eid=a6ea672d8fddda86 user=admin ip=::1 sid=ejlcsikq2nsdk0edtm700fg419 case_id=51 action="Accessed Parser Logs" page=parser_logs.php hmac=0fb10987a8e165936b060b66ffbf7221b93a73c65b20dde7cb1191d8846b2f94
[2026-04-18 09:26:07] eid=9afce2162d6bd8a8 user=admin ip=::1 sid=ejlcsikq2nsdk0edtm700fg419 case_id=51 action="Accessed Parser Logs" page=parser_logs.php hmac=fa34cdb4f45c95bdafc70cefa196d3d8802112597f2d5d97d0f3137a245b6417
[2026-04-18 09:26:57] eid=fbd3862473a3de07 user=admin ip=::1 sid=ejlcsikq2nsdk0edtm700fg419 case_id=51 action="Accessed Parser Logs" page=parser_logs.php hmac=7a63b7b4425fe8ff51599ce7511716ee4ab8d86c1d5357947c2400641caf9674
[2026-04-18 09:27:34] eid=5dfc141b92643af3 user=admin ip=::1 sid=ejlcsikq2nsdk0edtm700fg419 case_id=51 action="Accessed Parser Logs" page=parser_logs.php hmac=59f923b132684989bd933343e2d090e2d9a137302729dbcb1c01c7ebd55a8f07
[2026-04-18 09:27:37] eid=5696fe90be3f8444 user=admin ip=::1 sid=ejlcsikq2nsdk0edtm700fg419 case_id=51 action="Accessed Parser Logs" page=parser_logs.php hmac=33ae8703a63557e94283dd0c192093cb59e4ad15cc68d9312aa3ef950f7e020c
[2026-04-18 09:27:37] eid=040fc0db3f2d3583 user=admin ip=::1 sid=ejlcsikq2nsdk0edtm700fg419 case_id=51 action="User Accessed Autopsy Analysis" page=autopsy_analysis.php hmac=5315ddfb9bec31a9aaa80ee873018403f2252acbae1de1542f1fdd1c11026d03
[2026-04-18 09:27:40] eid=6f26071675843c33 user=admin ip=::1 sid=ejlcsikq2nsdk0edtm700fg419 case_id=51 action="User Accessed Autopsy Analysis" page=autopsy_analysis.php hmac=d2548a9644be5d14238b0b425b84dab47067527e1bff7b10ccc5886959dfc975
[2026-04-18 09:27:40] eid=be5a0f7c7d3a2a9d user=admin ip=::1 sid=ejlcsikq2nsdk0edtm700fg419 case_id=51 action="User Accessed Autopsy Analysis" page=autopsy_analysis.php hmac=7a63506642aec92386e96411053d2981b9fca3fee66e3b41fb04a30eddf58eb6
[2026-04-18 09:27:44] eid=b574ff039873b9e3 user=admin ip=::1 sid=ejlcsikq2nsdk0edtm700fg419 case_id=51 action="Accessed Parser Logs" page=parser_logs.php hmac=0e80b881bf974f23000de7de13bc91c09e53afdb6ff7b3506f64b5bf784883e1
[2026-04-18 09:27:49] eid=90a321caee18b53b user=admin ip=::1 sid=ejlcsikq2nsdk0edtm700fg419 case_id=51 action="Accessed Parser Logs" page=parser_logs.php hmac=cc14dd6e4fec75e873f8f51bdbab17e2a3350efe836a4acf1975acb96df8174b
[2026-04-18 09:27:54] eid=f0756e3ef8ac468b user=admin ip=::1 sid=ejlcsikq2nsdk0edtm700fg419 case_id=51 action="Accessed Parser Logs" page=parser_logs.php hmac=817c328ed5af8d79891c443a0f6ad48c214708388abe301157318705460bf0ce
[2026-04-18 09:27:54] eid=0bde67dfba401530 user=admin ip=::1 sid=ejlcsikq2nsdk0edtm700fg419 case_id=51 action="User Accessed Autopsy Analysis" page=autopsy_analysis.php hmac=27c2be8ac13f692881cb7c9ef2214ff13fa871862a6012fd1368acfccd3f118b
[2026-04-18 09:33:49] eid=5e32ab68043b76db user=admin ip=::1 sid=ejlcsikq2nsdk0edtm700fg419 case_id=51 action="User Accessed Autopsy Analysis" page=autopsy_analysis.php hmac=b04d5e9e371e78072eb8e9635a7c58fc7ad12b779b44eda23882201ab58520de
[2026-04-18 09:33:51] eid=26322731b766bba8 user=admin ip=::1 sid=ejlcsikq2nsdk0edtm700fg419 case_id=51 action="User Accessed Autopsy Analysis" page=autopsy_analysis.php hmac=6a3e12b5d29d570d1ddd98758149bf90ca5ad023181c7c9c4d2a094f8e6e1ccd
[2026-04-18 09:33:52] eid=1bd91596d29b52a2 user=admin ip=::1 sid=ejlcsikq2nsdk0edtm700fg419 case_id=51 action="User Accessed Autopsy Analysis" page=autopsy_analysis.php hmac=5d795b063bd8a86cebc64bb145d34838a0470681ad14d30fd00766e20a656d76
[2026-04-18 09:34:01] eid=a45076786e38b79b user=admin ip=::1 sid=ejlcsikq2nsdk0edtm700fg419 case_id=51 action="User Accessed Analysis" page=wireshark_analysis.php hmac=f1f941f15633afd9c9d8175f18590926428e97ee4fc140dbd950c554e43e732f
[2026-04-18 09:34:23] eid=edd72b818676cb6b user=admin ip=::1 sid=ejlcsikq2nsdk0edtm700fg419 case_id=51 action="User Accessed Autopsy Analysis" page=autopsy_analysis.php hmac=a844b6469176f8378f78bff10beab7d31f080ac6e7c962c021a6ed87a3fbc304
[2026-04-18 09:34:43] eid=4ad1b3924ea84752 user=admin ip=::1 sid=ejlcsikq2nsdk0edtm700fg419 case_id=51 action="User Accessed Guymager Analysis" page=guymager_analysis.php hmac=dc9565c0496924b1fa3424ea0be593dda40c75c4a77e9e3f44e1c71d84c6c4ce
[2026-04-18 09:35:17] eid=bbe3b4018cddbebe user=admin ip=::1 sid=ejlcsikq2nsdk0edtm700fg419 case_id=51 action="User Accessed Evidence Page" page=evidence.php hmac=2687f1c48b097712d24bac5947146787ea71fb5a1bb6727a99c093614053a64c
[2026-04-18 09:35:27] eid=c7724bd1bb98e535 user=admin ip=::1 sid=ejlcsikq2nsdk0edtm700fg419 case_id=51 action="User Accessed Evidence Page" page=evidence.php hmac=a1379fcb63a341fefc7b73b3f6f8ccd3c857e5c44ab22974f02e1e4d1008af37
[2026-04-18 09:35:31] eid=8b175c5697835a88 user=admin ip=::1 sid=ejlcsikq2nsdk0edtm700fg419 case_id=51 action="User Accessed Guymager Analysis" page=guymager_analysis.php hmac=107691789b8a16a10081d4da0a2346fdc777806dcbd4acb48cda9676a89ca628
[2026-04-18 09:35:34] eid=8af729a120ca457a user=admin ip=::1 sid=ejlcsikq2nsdk0edtm700fg419 case_id=51 action="User Accessed Guymager Analysis" page=guymager_analysis.php hmac=e17fbf8a09b3d226c00f120cea4aca9fc00381705f92b15d0d0a62b4393e930a
[2026-04-18 09:35:34] eid=d5ea60c80dabc766 user=admin ip=::1 sid=ejlcsikq2nsdk0edtm700fg419 case_id=51 action="User Accessed Guymager Analysis" page=guymager_analysis.php hmac=4fc9108ad7d2998e817ee8f19d2a0465e80a7ad9de40ef3ddac5348de0535069
[2026-04-18 09:35:39] eid=7d6035b4969e7dfd user=admin ip=::1 sid=ejlcsikq2nsdk0edtm700fg419 case_id=51 action="Accessed Parser Logs" page=parser_logs.php hmac=f5f01720be9cbadf38ce6f040d7dce67f3440a59d41bbb55199ace59fc999f5f
[2026-04-18 09:35:44] eid=b2f180d08b6287fa user=admin ip=::1 sid=ejlcsikq2nsdk0edtm700fg419 case_id=51 action="Accessed Parser Logs" page=parser_logs.php hmac=6a926d6e54a4a7f1879cca7651e8a1c3ff09c1fb82c75f0af28774863a89e32a
[2026-04-18 09:35:45] eid=7d7ef055a88ba874 user=admin ip=::1 sid=ejlcsikq2nsdk0edtm700fg419 case_id=51 action="User Accessed Volatility Analysis" page=volatility_analysis.php hmac=6fa5ab948cd4c035334db3278aae4d8e59615212d37dbeae2a0f41e8fa4dcf88
[2026-04-18 09:35:47] eid=04a7f91aa8f23bf7 user=admin ip=::1 sid=ejlcsikq2nsdk0edtm700fg419 case_id=51 action="User Accessed Guymager Analysis" page=guymager_analysis.php hmac=e0fa3fdcbc34ac6f5cc3be839eb1d67b3779f3c71e446acb4eb3620438a2fd63
[2026-04-18 09:36:11] eid=4ba50aadf4c741cc user=admin ip=::1 sid=ejlcsikq2nsdk0edtm700fg419 case_id=51 action="User Accessed Autopsy Analysis" page=autopsy_analysis.php hmac=083a39adee228a7911f90239ae9b1c445644d273574b0fb43a40f2378c8cb7da
[2026-04-18 09:37:27] eid=6b1d45f1b78b80f1 user=admin ip=::1 sid=ejlcsikq2nsdk0edtm700fg419 case_id=51 action="User Accessed Volatility Analysis" page=volatility_analysis.php hmac=0a4d506008662f87d3e092701bb37140b82fe142f01da2ecbcd1f7d7a5481661
[2026-04-18 09:37:30] eid=5f006f39535f3bb5 user=admin ip=::1 sid=ejlcsikq2nsdk0edtm700fg419 case_id=51 action="User Accessed Guymager Analysis" page=guymager_analysis.php hmac=751241d591ed5413e2ee0d04878eec9e66aa8fad6293fd2ad24959825cb7061a
[2026-04-18 09:37:33] eid=27ab8c1d5b47831e user=admin ip=::1 sid=ejlcsikq2nsdk0edtm700fg419 case_id=51 action="User Accessed Guymager Analysis" page=guymager_analysis.php hmac=57b17d20a90d059465c51590a018766ab33aca7f0ae06eaf9277d01d7c4767ce
[2026-04-18 09:37:33] eid=996aba9689e479c4 user=admin ip=::1 sid=ejlcsikq2nsdk0edtm700fg419 case_id=51 action="User Accessed Guymager Analysis" page=guymager_analysis.php hmac=abd43689f9f4f4a1ee2131fc5922de1ae5dde3b62d1cd13f253f46a26ee2fc1e
[2026-04-18 09:37:39] eid=cdb643c3f9b157f9 user=admin ip=::1 sid=ejlcsikq2nsdk0edtm700fg419 case_id=51 action="User Accessed Guymager Analysis" page=guymager_analysis.php hmac=ffe38707304c75acb4b63a48987912371879d14f058d415ae93edf25db0d1a60
[2026-04-18 09:37:39] eid=bd22782b482cd8dc user=admin ip=::1 sid=ejlcsikq2nsdk0edtm700fg419 case_id=51 action="User Accessed Guymager Analysis" page=guymager_analysis.php hmac=c586506d3697f17e165d6b5b780f45599e8224de00996759eeaa6e181c288166
[2026-04-18 09:38:12] eid=69af40e8d7767e77 user=admin ip=::1 sid=ejlcsikq2nsdk0edtm700fg419 case_id=51 action="User Accessed Volatility Analysis" page=volatility_analysis.php hmac=c5affb93198bf87101cde29b63155c46c86c2bc21f252bbe255db6b2f35c5e8f
[2026-04-18 09:38:32] eid=07eab881ddcecf83 user=admin ip=::1 sid=ejlcsikq2nsdk0edtm700fg419 case_id=51 action="User Accessed Evidence Page" page=evidence.php hmac=91abd9034a95512c2a9bc12780aa001583ea137105f34e89b5d6d00c0ee07859
[2026-04-18 09:38:44] eid=fb0b2308bdfd8080 user=admin ip=::1 sid=ejlcsikq2nsdk0edtm700fg419 case_id=51 action="User Accessed Evidence Page" page=evidence.php hmac=d2b9265e15fee4bb755655b1f7750993311f34d2b57270cacc4c712b62c6ec1b
[2026-04-18 09:39:13] eid=7ebd225c918c2606 user=admin ip=::1 sid=ejlcsikq2nsdk0edtm700fg419 case_id=51 action="User Accessed Volatility Analysis" page=volatility_analysis.php hmac=efe8d252143f282fbb0a26fc182f109a6ab05cea4eedbed3a1ea23d780b4536b
[2026-04-18 09:39:18] eid=1db6761545542a2d user=admin ip=::1 sid=ejlcsikq2nsdk0edtm700fg419 case_id=51 action="User Accessed Volatility Analysis" page=volatility_analysis.php hmac=3c940461694c9efd68c22dd930b7608dbd0bc3736285ece300d674ee4d081757
[2026-04-18 09:39:18] eid=ab2f5b15ae196bc0 user=admin ip=::1 sid=ejlcsikq2nsdk0edtm700fg419 case_id=51 action="User Accessed Volatility Analysis" page=volatility_analysis.php hmac=6112436d60c4ac3c971afbd4a70fde2bf4f91ad6747bb2b7e2c93e0ae4e376ae
[2026-04-18 09:39:24] eid=b63c05b1386405df user=admin ip=::1 sid=ejlcsikq2nsdk0edtm700fg419 case_id=51 action="Accessed Parser Logs" page=parser_logs.php hmac=018cd98fb7ac7c3e7b643edb6888f36b70bc3f0861f8531368bcca3d4871b89c
[2026-04-18 09:39:30] eid=3513cbae95a3cea4 user=admin ip=::1 sid=ejlcsikq2nsdk0edtm700fg419 case_id=51 action="Accessed Parser Logs" page=parser_logs.php hmac=ec4067a16bd2cd567eca3be9b6e2c94b0ad23f03dcb3e2051c79f2be0f84cf02
[2026-04-18 09:39:30] eid=ccc89a3e5c5527f5 user=admin ip=::1 sid=ejlcsikq2nsdk0edtm700fg419 case_id=51 action="User Accessed Volatility Analysis" page=volatility_analysis.php hmac=035698668f147042c137f8be8235e58eb947dd9a3da6452e59e2ce11986fbeae
[2026-04-18 09:41:34] eid=8e4ed1acef8d9173 user=admin ip=::1 sid=ejlcsikq2nsdk0edtm700fg419 case_id=51 action="User Accessed Volatility Analysis" page=volatility_analysis.php hmac=4bce3b97611bb60df1309aa565d86cadb3de605c59198a79953cac2672206bc6
[2026-04-18 09:41:39] eid=170bc162208696bf user=admin ip=::1 sid=ejlcsikq2nsdk0edtm700fg419 case_id=51 action="User Accessed Volatility Analysis" page=volatility_analysis.php hmac=8a63eb2473edba218b5f1b96a94fba74a3bb43354ece007fd77cbc3d22887c6b
[2026-04-18 09:41:39] eid=22d8eb3f5ca88989 user=admin ip=::1 sid=ejlcsikq2nsdk0edtm700fg419 case_id=51 action="User Accessed Volatility Analysis" page=volatility_analysis.php hmac=61e506c3cc7c55bbff9e4a4e24cd7622c4c71e9a5399aef0228693b65dd79209
[2026-04-18 09:41:44] eid=b8971ae5d5d8a21b user=admin ip=::1 sid=ejlcsikq2nsdk0edtm700fg419 case_id=51 action="User Accessed Volatility Analysis" page=volatility_analysis.php hmac=14a0832c2fbd971c64ecbf0616e71a3e3edca3ce746d3c25cd5c847c6e4137b4
[2026-04-18 09:41:48] eid=4df637d77116bdf8 user=admin ip=::1 sid=ejlcsikq2nsdk0edtm700fg419 case_id=51 action="User Accessed Volatility Analysis" page=volatility_analysis.php hmac=15c1b89411f6d145f907d03346b6cb917001e9c40aa87ac9b65fea6e11e19994
[2026-04-18 09:41:51] eid=2a794a50a3bebb68 user=admin ip=::1 sid=ejlcsikq2nsdk0edtm700fg419 case_id=51 action="User Accessed Volatility Analysis" page=volatility_analysis.php hmac=4ddd38327703876f754022e360f1ea37907c7005553a3713119d04d48b5a6550
[2026-04-18 09:41:58] eid=740bc2efefd90a01 user=admin ip=::1 sid=ejlcsikq2nsdk0edtm700fg419 case_id=51 action="Accessed Parser Logs" page=parser_logs.php hmac=28c4bf62f124de5582f28a6dee71a3ae0543fcadfdfbb55ba18269e5d8f15c0d
[2026-04-18 09:42:03] eid=e9afa3b3fe500faa user=admin ip=::1 sid=ejlcsikq2nsdk0edtm700fg419 case_id=51 action="Accessed Parser Logs" page=parser_logs.php hmac=8bb11c7ee8679a657d8eeac91f571f8b88595cd3cf5f0b7512a711be4c1e54a6
[2026-04-18 09:42:08] eid=43cd9a7e21943427 user=admin ip=::1 sid=ejlcsikq2nsdk0edtm700fg419 case_id=51 action="Accessed Parser Logs" page=parser_logs.php hmac=737a93482310a24b7a4f4ca61eb23f2ab0b3dc33ad14959fdc0dbd5dc72e2ff5
[2026-04-18 09:42:13] eid=e0d96bfe0c65197b user=admin ip=::1 sid=ejlcsikq2nsdk0edtm700fg419 case_id=51 action="Accessed Parser Logs" page=parser_logs.php hmac=453e31815feb2ed3eacdb781b7b059922e7b10c1f32d273994569bb6c3a974b8
[2026-04-18 09:42:18] eid=969ce77aa4f2f51f user=admin ip=::1 sid=ejlcsikq2nsdk0edtm700fg419 case_id=51 action="Accessed Parser Logs" page=parser_logs.php hmac=f003251d9925b35dc6506836a8687349504225a36073a9b5b596facd14d33f81
[2026-04-18 09:42:23] eid=e672ce00f5a264d2 user=admin ip=::1 sid=ejlcsikq2nsdk0edtm700fg419 case_id=51 action="Accessed Parser Logs" page=parser_logs.php hmac=970a99c0302d75a1ed2975398403cb95d7878d5d55a7d070da6a41b555b23bd8
[2026-04-18 09:42:28] eid=380043a6abd28af4 user=admin ip=::1 sid=ejlcsikq2nsdk0edtm700fg419 case_id=51 action="Accessed Parser Logs" page=parser_logs.php hmac=0560b1d914e71c4e9a61d20cb86d4f34faf9950e450bb7af6764f96198eebff5
[2026-04-18 09:42:33] eid=dbd9972fc6d7319b user=admin ip=::1 sid=ejlcsikq2nsdk0edtm700fg419 case_id=51 action="Accessed Parser Logs" page=parser_logs.php hmac=02a9f9bdea982ca991cb3bae2346cba95d2075bc562f6311f6c650843c80e2ad
[2026-04-18 09:42:34] eid=b6eefcace88ac258 user=admin ip=::1 sid=ejlcsikq2nsdk0edtm700fg419 case_id=51 action="User Accessed Evidence Page" page=evidence.php hmac=6b3a58175dab9581d683f00c0a293cf6981b160852dc14f37e0e1c89df88c0cd
[2026-04-18 09:42:38] eid=fd988ba1fb6b8306 user=admin ip=::1 sid=ejlcsikq2nsdk0edtm700fg419 case_id=51 action="User Accessed Volatility Analysis" page=volatility_analysis.php hmac=fab0638b4fdde6243ced0a55ba2d3689a381bcb93633207fb5373e1a13c4938a
[2026-04-18 09:42:47] eid=e154ce04150f2d8a user=admin ip=::1 sid=ejlcsikq2nsdk0edtm700fg419 case_id=51 action="User Accessed Volatility Analysis" page=volatility_analysis.php hmac=5749b5820683b25bcb6188d7b1dd5beaecc2851ac05eef72350b1675544ea18d
[2026-04-18 09:42:47] eid=b110dde42f6141c5 user=admin ip=::1 sid=ejlcsikq2nsdk0edtm700fg419 case_id=51 action="User Accessed Volatility Analysis" page=volatility_analysis.php hmac=406104a9eac264f2d7501b606f62e7d5c74b963f2443f6f2589c5c69324e7717
[2026-04-18 09:42:52] eid=7042c6f19a4e8424 user=admin ip=::1 sid=ejlcsikq2nsdk0edtm700fg419 case_id=51 action="Accessed Parser Logs" page=parser_logs.php hmac=c98a72f1245817bf91c02d4344f2544b840b8eb4d1109e9e6f80dfa67038161d
[2026-04-18 09:42:56] eid=d00f443e5cf361f1 user=admin ip=::1 sid=ejlcsikq2nsdk0edtm700fg419 case_id=51 action="User Accessed Volatility Analysis" page=volatility_analysis.php hmac=1ccfbe7b3813e34f42c67b1edb851ad5f28f29d7fc969a909920b9ec84467905
